2019-07-16 09:37:16.404 [main] WARN  ClassPathMapperScanner - No MyBatis mapper was found in '[com.bgy.*.*.dao]' package. Please check your configuration.
2019-07-16 09:37:16.414 [main] WARN  ConfigurationClassPostProcessor - Cannot enhance @Configuration bean definition 'tkMybatisConfig' since its singleton instance has been created too early. The typical cause is a non-static @Bean method with a BeanDefinitionRegistryPostProcessor return type: Consider declaring such methods as 'static'.
2019-07-16 09:37:24.218 [main] WARN  AutowiredAnnotationBeanPostProcessor - Autowired annotation is not supported on static fields: private static java.lang.String com.bgy.ofa.sapformservice.controller.SapformZtCustoCenterController.soaUser
2019-07-16 09:37:28.098 [main] WARN  URLConfigurationSource - No URLs will be polled as dynamic configuration sources.
2019-07-16 09:37:28.105 [main] WARN  URLConfigurationSource - No URLs will be polled as dynamic configuration sources.
2019-07-16 09:37:29.647 [main] WARN  EurekaServerStarterDeprecationWarningAutoConfiguration - spring-cloud-starter-eureka-server is deprecated as of Spring Cloud Netflix 1.4.0, please migrate to spring-cloud-starter-netflix-eureka-server
2019-07-16 09:49:11.134 [DiscoveryClient-HeartbeatExecutor-0] WARN  RetryableEurekaHttpClient - Request execution failed with message: org.apache.http.NoHttpResponseException: 10.10.179.198:8761 failed to respond
2019-07-16 09:55:09.622 [main] WARN  ClassPathMapperScanner - No MyBatis mapper was found in '[com.bgy.*.*.dao]' package. Please check your configuration.
2019-07-16 09:55:09.626 [main] WARN  ConfigurationClassPostProcessor - Cannot enhance @Configuration bean definition 'tkMybatisConfig' since its singleton instance has been created too early. The typical cause is a non-static @Bean method with a BeanDefinitionRegistryPostProcessor return type: Consider declaring such methods as 'static'.
2019-07-16 09:55:15.833 [main] WARN  AutowiredAnnotationBeanPostProcessor - Autowired annotation is not supported on static fields: private static java.lang.String com.bgy.ofa.sapformservice.controller.SapformZtCustoCenterController.soaUser
2019-07-16 09:55:19.673 [main] WARN  URLConfigurationSource - No URLs will be polled as dynamic configuration sources.
2019-07-16 09:55:19.679 [main] WARN  URLConfigurationSource - No URLs will be polled as dynamic configuration sources.
2019-07-16 09:55:21.125 [main] WARN  EurekaServerStarterDeprecationWarningAutoConfiguration - spring-cloud-starter-eureka-server is deprecated as of Spring Cloud Netflix 1.4.0, please migrate to spring-cloud-starter-netflix-eureka-server
2019-07-16 09:57:49.642 [main] WARN  ClassPathMapperScanner - No MyBatis mapper was found in '[com.bgy.*.*.dao]' package. Please check your configuration.
2019-07-16 09:57:49.646 [main] WARN  ConfigurationClassPostProcessor - Cannot enhance @Configuration bean definition 'tkMybatisConfig' since its singleton instance has been created too early. The typical cause is a non-static @Bean method with a BeanDefinitionRegistryPostProcessor return type: Consider declaring such methods as 'static'.
2019-07-16 09:57:56.376 [main] WARN  AutowiredAnnotationBeanPostProcessor - Autowired annotation is not supported on static fields: private static java.lang.String com.bgy.ofa.sapformservice.controller.SapformZtCustoCenterController.soaUser
2019-07-16 09:58:00.260 [main] WARN  URLConfigurationSource - No URLs will be polled as dynamic configuration sources.
2019-07-16 09:58:00.265 [main] WARN  URLConfigurationSource - No URLs will be polled as dynamic configuration sources.
2019-07-16 09:58:01.854 [main] WARN  EurekaServerStarterDeprecationWarningAutoConfiguration - spring-cloud-starter-eureka-server is deprecated as of Spring Cloud Netflix 1.4.0, please migrate to spring-cloud-starter-netflix-eureka-server
2019-07-16 10:13:17.027 [main] WARN  ClassPathMapperScanner - No MyBatis mapper was found in '[com.bgy.*.*.dao]' package. Please check your configuration.
2019-07-16 10:13:17.031 [main] WARN  ConfigurationClassPostProcessor - Cannot enhance @Configuration bean definition 'tkMybatisConfig' since its singleton instance has been created too early. The typical cause is a non-static @Bean method with a BeanDefinitionRegistryPostProcessor return type: Consider declaring such methods as 'static'.
2019-07-16 10:13:23.106 [main] WARN  AutowiredAnnotationBeanPostProcessor - Autowired annotation is not supported on static fields: private static java.lang.String com.bgy.ofa.sapformservice.controller.SapformZtCustoCenterController.soaUser
2019-07-16 10:13:26.898 [main] WARN  URLConfigurationSource - No URLs will be polled as dynamic configuration sources.
2019-07-16 10:13:26.903 [main] WARN  URLConfigurationSource - No URLs will be polled as dynamic configuration sources.
2019-07-16 10:13:28.481 [main] WARN  EurekaServerStarterDeprecationWarningAutoConfiguration - spring-cloud-starter-eureka-server is deprecated as of Spring Cloud Netflix 1.4.0, please migrate to spring-cloud-starter-netflix-eureka-server
2019-07-16 10:54:38.259 [main] WARN  ClassPathMapperScanner - No MyBatis mapper was found in '[com.bgy.*.*.dao]' package. Please check your configuration.
2019-07-16 10:54:38.263 [main] WARN  ConfigurationClassPostProcessor - Cannot enhance @Configuration bean definition 'tkMybatisConfig' since its singleton instance has been created too early. The typical cause is a non-static @Bean method with a BeanDefinitionRegistryPostProcessor return type: Consider declaring such methods as 'static'.
2019-07-16 10:54:44.532 [main] WARN  AutowiredAnnotationBeanPostProcessor - Autowired annotation is not supported on static fields: private static java.lang.String com.bgy.ofa.sapformservice.controller.SapformZtCustoCenterController.soaUser
2019-07-16 10:54:48.327 [main] WARN  URLConfigurationSource - No URLs will be polled as dynamic configuration sources.
2019-07-16 10:54:48.333 [main] WARN  URLConfigurationSource - No URLs will be polled as dynamic configuration sources.
2019-07-16 10:54:49.924 [main] WARN  EurekaServerStarterDeprecationWarningAutoConfiguration - spring-cloud-starter-eureka-server is deprecated as of Spring Cloud Netflix 1.4.0, please migrate to spring-cloud-starter-netflix-eureka-server
2019-07-16 10:58:17.244 [main] WARN  ClassPathMapperScanner - No MyBatis mapper was found in '[com.bgy.*.*.dao]' package. Please check your configuration.
2019-07-16 10:58:17.248 [main] WARN  ConfigurationClassPostProcessor - Cannot enhance @Configuration bean definition 'tkMybatisConfig' since its singleton instance has been created too early. The typical cause is a non-static @Bean method with a BeanDefinitionRegistryPostProcessor return type: Consider declaring such methods as 'static'.
2019-07-16 10:58:23.567 [main] WARN  AutowiredAnnotationBeanPostProcessor - Autowired annotation is not supported on static fields: private static java.lang.String com.bgy.ofa.sapformservice.controller.SapformZtCustoCenterController.soaUser
2019-07-16 10:58:27.118 [main] WARN  URLConfigurationSource - No URLs will be polled as dynamic configuration sources.
2019-07-16 10:58:27.124 [main] WARN  URLConfigurationSource - No URLs will be polled as dynamic configuration sources.
2019-07-16 10:58:28.464 [main] WARN  EurekaServerStarterDeprecationWarningAutoConfiguration - spring-cloud-starter-eureka-server is deprecated as of Spring Cloud Netflix 1.4.0, please migrate to spring-cloud-starter-netflix-eureka-server
2019-07-16 11:04:59.303 [main] WARN  ClassPathMapperScanner - No MyBatis mapper was found in '[com.bgy.*.*.dao]' package. Please check your configuration.
2019-07-16 11:04:59.307 [main] WARN  ConfigurationClassPostProcessor - Cannot enhance @Configuration bean definition 'tkMybatisConfig' since its singleton instance has been created too early. The typical cause is a non-static @Bean method with a BeanDefinitionRegistryPostProcessor return type: Consider declaring such methods as 'static'.
2019-07-16 11:05:05.363 [main] WARN  AutowiredAnnotationBeanPostProcessor - Autowired annotation is not supported on static fields: private static java.lang.String com.bgy.ofa.sapformservice.controller.SapformZtCustoCenterController.soaUser
2019-07-16 11:05:08.941 [main] WARN  URLConfigurationSource - No URLs will be polled as dynamic configuration sources.
2019-07-16 11:05:08.947 [main] WARN  URLConfigurationSource - No URLs will be polled as dynamic configuration sources.
2019-07-16 11:05:10.298 [main] WARN  EurekaServerStarterDeprecationWarningAutoConfiguration - spring-cloud-starter-eureka-server is deprecated as of Spring Cloud Netflix 1.4.0, please migrate to spring-cloud-starter-netflix-eureka-server
2019-07-16 11:10:41.507 [main] WARN  ClassPathMapperScanner - No MyBatis mapper was found in '[com.bgy.*.*.dao]' package. Please check your configuration.
2019-07-16 11:10:41.512 [main] WARN  ConfigurationClassPostProcessor - Cannot enhance @Configuration bean definition 'tkMybatisConfig' since its singleton instance has been created too early. The typical cause is a non-static @Bean method with a BeanDefinitionRegistryPostProcessor return type: Consider declaring such methods as 'static'.
2019-07-16 11:10:47.816 [main] WARN  AutowiredAnnotationBeanPostProcessor - Autowired annotation is not supported on static fields: private static java.lang.String com.bgy.ofa.sapformservice.controller.SapformZtCustoCenterController.soaUser
2019-07-16 11:10:52.139 [main] WARN  URLConfigurationSource - No URLs will be polled as dynamic configuration sources.
2019-07-16 11:10:52.145 [main] WARN  URLConfigurationSource - No URLs will be polled as dynamic configuration sources.
2019-07-16 11:10:53.596 [main] WARN  EurekaServerStarterDeprecationWarningAutoConfiguration - spring-cloud-starter-eureka-server is deprecated as of Spring Cloud Netflix 1.4.0, please migrate to spring-cloud-starter-netflix-eureka-server
2019-07-16 11:14:23.382 [main] WARN  ClassPathMapperScanner - No MyBatis mapper was found in '[com.bgy.*.*.dao]' package. Please check your configuration.
2019-07-16 11:14:23.386 [main] WARN  ConfigurationClassPostProcessor - Cannot enhance @Configuration bean definition 'tkMybatisConfig' since its singleton instance has been created too early. The typical cause is a non-static @Bean method with a BeanDefinitionRegistryPostProcessor return type: Consider declaring such methods as 'static'.
2019-07-16 11:14:29.771 [main] WARN  AutowiredAnnotationBeanPostProcessor - Autowired annotation is not supported on static fields: private static java.lang.String com.bgy.ofa.sapformservice.controller.SapformZtCustoCenterController.soaUser
2019-07-16 11:14:29.942 [main] WARN  AnnotationConfigEmbeddedWebApplicationContext - Exception encountered during context initialization - cancelling refresh attempt: org.springframework.beans.factory.BeanCreationException: Error creating bean with name 'sapTheCheckoutTimedPush': Injection of resource dependencies failed; nested exception is org.springframework.beans.factory.BeanCreationException: Error creating bean with name 'sapformZzReverseAccountTimingData' defined in file [D:\ideawork\ofa-sapform-service\sapform-service\out\production\classes\com\bgy\ofa\sapformservice\mapper\SapformZzReverseAccountTimingData.class]: Invocation of init method failed; nested exception is java.lang.IllegalArgumentException: org.apache.ibatis.builder.BuilderException: Could not find value method on SQL annotation.  Cause: org.apache.ibatis.builder.BuilderException: Error creating document instance.  Cause: org.xml.sax.SAXParseException; lineNumber: 1; columnNumber: 96; 元素内容必须由格式正确的字符数据或标记组成。
2019-07-16 11:25:37.876 [main] WARN  ClassPathMapperScanner - No MyBatis mapper was found in '[com.bgy.*.*.dao]' package. Please check your configuration.
2019-07-16 11:25:37.881 [main] WARN  ConfigurationClassPostProcessor - Cannot enhance @Configuration bean definition 'tkMybatisConfig' since its singleton instance has been created too early. The typical cause is a non-static @Bean method with a BeanDefinitionRegistryPostProcessor return type: Consider declaring such methods as 'static'.
2019-07-16 11:25:43.741 [main] WARN  AutowiredAnnotationBeanPostProcessor - Autowired annotation is not supported on static fields: private static java.lang.String com.bgy.ofa.sapformservice.controller.SapformZtCustoCenterController.soaUser
2019-07-16 11:25:47.344 [main] WARN  URLConfigurationSource - No URLs will be polled as dynamic configuration sources.
2019-07-16 11:25:47.349 [main] WARN  URLConfigurationSource - No URLs will be polled as dynamic configuration sources.
2019-07-16 11:25:48.695 [main] WARN  EurekaServerStarterDeprecationWarningAutoConfiguration - spring-cloud-starter-eureka-server is deprecated as of Spring Cloud Netflix 1.4.0, please migrate to spring-cloud-starter-netflix-eureka-server
2019-07-16 11:29:33.614 [main] WARN  ClassPathMapperScanner - No MyBatis mapper was found in '[com.bgy.*.*.dao]' package. Please check your configuration.
2019-07-16 11:29:33.619 [main] WARN  ConfigurationClassPostProcessor - Cannot enhance @Configuration bean definition 'tkMybatisConfig' since its singleton instance has been created too early. The typical cause is a non-static @Bean method with a BeanDefinitionRegistryPostProcessor return type: Consider declaring such methods as 'static'.
2019-07-16 11:29:39.445 [main] WARN  AutowiredAnnotationBeanPostProcessor - Autowired annotation is not supported on static fields: private static java.lang.String com.bgy.ofa.sapformservice.controller.SapformZtCustoCenterController.soaUser
2019-07-16 11:29:43.009 [main] WARN  URLConfigurationSource - No URLs will be polled as dynamic configuration sources.
2019-07-16 11:29:43.014 [main] WARN  URLConfigurationSource - No URLs will be polled as dynamic configuration sources.
2019-07-16 11:29:44.456 [main] WARN  EurekaServerStarterDeprecationWarningAutoConfiguration - spring-cloud-starter-eureka-server is deprecated as of Spring Cloud Netflix 1.4.0, please migrate to spring-cloud-starter-netflix-eureka-server
2019-07-16 11:33:35.589 [main] WARN  ClassPathMapperScanner - No MyBatis mapper was found in '[com.bgy.*.*.dao]' package. Please check your configuration.
2019-07-16 11:33:35.593 [main] WARN  ConfigurationClassPostProcessor - Cannot enhance @Configuration bean definition 'tkMybatisConfig' since its singleton instance has been created too early. The typical cause is a non-static @Bean method with a BeanDefinitionRegistryPostProcessor return type: Consider declaring such methods as 'static'.
2019-07-16 11:33:41.449 [main] WARN  AutowiredAnnotationBeanPostProcessor - Autowired annotation is not supported on static fields: private static java.lang.String com.bgy.ofa.sapformservice.controller.SapformZtCustoCenterController.soaUser
2019-07-16 11:33:45.037 [main] WARN  URLConfigurationSource - No URLs will be polled as dynamic configuration sources.
2019-07-16 11:33:45.042 [main] WARN  URLConfigurationSource - No URLs will be polled as dynamic configuration sources.
2019-07-16 11:33:46.377 [main] WARN  EurekaServerStarterDeprecationWarningAutoConfiguration - spring-cloud-starter-eureka-server is deprecated as of Spring Cloud Netflix 1.4.0, please migrate to spring-cloud-starter-netflix-eureka-server
2019-07-16 11:49:30.807 [main] WARN  ClassPathMapperScanner - No MyBatis mapper was found in '[com.bgy.*.*.dao]' package. Please check your configuration.
2019-07-16 11:49:30.811 [main] WARN  ConfigurationClassPostProcessor - Cannot enhance @Configuration bean definition 'tkMybatisConfig' since its singleton instance has been created too early. The typical cause is a non-static @Bean method with a BeanDefinitionRegistryPostProcessor return type: Consider declaring such methods as 'static'.
2019-07-16 11:49:38.634 [main] WARN  AutowiredAnnotationBeanPostProcessor - Autowired annotation is not supported on static fields: private static java.lang.String com.bgy.ofa.sapformservice.controller.SapformZtCustoCenterController.soaUser
2019-07-16 11:49:42.298 [main] WARN  URLConfigurationSource - No URLs will be polled as dynamic configuration sources.
2019-07-16 11:49:42.303 [main] WARN  URLConfigurationSource - No URLs will be polled as dynamic configuration sources.
2019-07-16 11:49:43.617 [main] WARN  EurekaServerStarterDeprecationWarningAutoConfiguration - spring-cloud-starter-eureka-server is deprecated as of Spring Cloud Netflix 1.4.0, please migrate to spring-cloud-starter-netflix-eureka-server
2019-07-16 14:15:31.669 [main] WARN  ClassPathMapperScanner - No MyBatis mapper was found in '[com.bgy.*.*.dao]' package. Please check your configuration.
2019-07-16 14:15:31.676 [main] WARN  ConfigurationClassPostProcessor - Cannot enhance @Configuration bean definition 'tkMybatisConfig' since its singleton instance has been created too early. The typical cause is a non-static @Bean method with a BeanDefinitionRegistryPostProcessor return type: Consider declaring such methods as 'static'.
2019-07-16 14:15:39.651 [main] WARN  AutowiredAnnotationBeanPostProcessor - Autowired annotation is not supported on static fields: private static java.lang.String com.bgy.ofa.sapformservice.controller.SapformZtCustoCenterController.soaUser
2019-07-16 14:15:44.075 [main] WARN  URLConfigurationSource - No URLs will be polled as dynamic configuration sources.
2019-07-16 14:15:44.081 [main] WARN  URLConfigurationSource - No URLs will be polled as dynamic configuration sources.
2019-07-16 14:15:45.759 [main] WARN  EurekaServerStarterDeprecationWarningAutoConfiguration - spring-cloud-starter-eureka-server is deprecated as of Spring Cloud Netflix 1.4.0, please migrate to spring-cloud-starter-netflix-eureka-server
2019-07-16 14:23:07.118 [DiscoveryClient-HeartbeatExecutor-0] WARN  RetryableEurekaHttpClient - Request execution failed with message: org.apache.http.NoHttpResponseException: 10.10.179.198:8761 failed to respond
2019-07-16 14:37:28.331 [main] WARN  ClassPathMapperScanner - No MyBatis mapper was found in '[com.bgy.*.*.dao]' package. Please check your configuration.
2019-07-16 14:37:28.339 [main] WARN  ConfigurationClassPostProcessor - Cannot enhance @Configuration bean definition 'tkMybatisConfig' since its singleton instance has been created too early. The typical cause is a non-static @Bean method with a BeanDefinitionRegistryPostProcessor return type: Consider declaring such methods as 'static'.
2019-07-16 14:37:34.856 [main] WARN  AutowiredAnnotationBeanPostProcessor - Autowired annotation is not supported on static fields: private static java.lang.String com.bgy.ofa.sapformservice.controller.SapformZtCustoCenterController.soaUser
2019-07-16 14:37:38.676 [main] WARN  URLConfigurationSource - No URLs will be polled as dynamic configuration sources.
2019-07-16 14:37:38.681 [main] WARN  URLConfigurationSource - No URLs will be polled as dynamic configuration sources.
2019-07-16 14:37:40.224 [main] WARN  EurekaServerStarterDeprecationWarningAutoConfiguration - spring-cloud-starter-eureka-server is deprecated as of Spring Cloud Netflix 1.4.0, please migrate to spring-cloud-starter-netflix-eureka-server
2019-07-16 15:08:20.589 [http-nio-8081-exec-1] WARN  SapformServiceLoginAop - 未进行元宝单点登录！
2019-07-16 15:08:39.853 [http-nio-8081-exec-2] WARN  SapformServiceLoginAop - 未进行元宝单点登录！
2019-07-16 15:08:59.642 [http-nio-8081-exec-3] WARN  SapformServiceLoginAop - 未进行元宝单点登录！
2019-07-16 15:10:17.146 [http-nio-8081-exec-4] WARN  SapformServiceLoginAop - 未进行元宝单点登录！
2019-07-16 15:10:45.165 [http-nio-8081-exec-6] WARN  SapformServiceLoginAop - 未进行元宝单点登录！
2019-07-16 15:21:43.939 [http-nio-8081-exec-6] WARN  ExceptionHandlerExceptionResolver - Failed to invoke @ExceptionHandler method: public java.lang.String com.bgy.ofa.utils.exception.GlobalExceptionHandler.handleException(java.lang.Exception)
org.apache.catalina.connector.ClientAbortException: java.io.IOException: 你的主机中的软件中止了一个已建立的连接。
	at org.apache.catalina.connector.OutputBuffer.doFlush(OutputBuffer.java:321)
	at org.apache.catalina.connector.OutputBuffer.flush(OutputBuffer.java:284)
	at org.apache.catalina.connector.CoyoteOutputStream.flush(CoyoteOutputStream.java:118)
	at sun.nio.cs.StreamEncoder.implFlush(StreamEncoder.java:297)
	at sun.nio.cs.StreamEncoder.flush(StreamEncoder.java:141)
	at java.io.OutputStreamWriter.flush(OutputStreamWriter.java:229)
	at org.springframework.util.StreamUtils.copy(StreamUtils.java:119)
	at org.springframework.http.converter.StringHttpMessageConverter.writeInternal(StringHttpMessageConverter.java:106)
	at org.springframework.http.converter.StringHttpMessageConverter.writeInternal(StringHttpMessageConverter.java:41)
	at org.springframework.http.converter.AbstractHttpMessageConverter.write(AbstractHttpMessageConverter.java:226)
	at org.springframework.web.servlet.mvc.method.annotation.AbstractMessageConverterMethodProcessor.writeWithMessageConverters(AbstractMessageConverterMethodProcessor.java:247)
	at org.springframework.web.servlet.mvc.method.annotation.RequestResponseBodyMethodProcessor.handleReturnValue(RequestResponseBodyMethodProcessor.java:174)
	at org.springframework.web.method.support.HandlerMethodReturnValueHandlerComposite.handleReturnValue(HandlerMethodReturnValueHandlerComposite.java:81)
	at org.springframework.web.servlet.mvc.method.annotation.ServletInvocableHandlerMethod.invokeAndHandle(ServletInvocableHandlerMethod.java:113)
	at org.springframework.web.servlet.mvc.method.annotation.ExceptionHandlerExceptionResolver.doResolveHandlerMethodException(ExceptionHandlerExceptionResolver.java:381)
	at org.springframework.web.servlet.handler.AbstractHandlerMethodExceptionResolver.doResolveException(AbstractHandlerMethodExceptionResolver.java:59)
	at org.springframework.web.servlet.handler.AbstractHandlerExceptionResolver.resolveException(AbstractHandlerExceptionResolver.java:136)
	at org.springframework.web.servlet.handler.HandlerExceptionResolverComposite.resolveException(HandlerExceptionResolverComposite.java:76)
	at org.springframework.web.servlet.DispatcherServlet.processHandlerException(DispatcherServlet.java:1222)
	at org.springframework.web.servlet.DispatcherServlet.processDispatchResult(DispatcherServlet.java:1034)
	at org.springframework.web.servlet.DispatcherServlet.doDispatch(DispatcherServlet.java:984)
	at org.springframework.web.servlet.DispatcherServlet.doService(DispatcherServlet.java:901)
	at org.springframework.web.servlet.FrameworkServlet.processRequest(FrameworkServlet.java:970)
	at org.springframework.web.servlet.FrameworkServlet.doPost(FrameworkServlet.java:872)
	at javax.servlet.http.HttpServlet.service(HttpServlet.java:661)
	at org.springframework.web.servlet.FrameworkServlet.service(FrameworkServlet.java:846)
	at javax.servlet.http.HttpServlet.service(HttpServlet.java:742)
	at org.apache.catalina.core.ApplicationFilterChain.internalDoFilter(ApplicationFilterChain.java:231)
	at org.apache.catalina.core.ApplicationFilterChain.doFilter(ApplicationFilterChain.java:166)
	at org.apache.tomcat.websocket.server.WsFilter.doFilter(WsFilter.java:52)
	at org.apache.catalina.core.ApplicationFilterChain.internalDoFilter(ApplicationFilterChain.java:193)
	at org.apache.catalina.core.ApplicationFilterChain.doFilter(ApplicationFilterChain.java:166)
	at org.springframework.boot.web.filter.ApplicationContextHeaderFilter.doFilterInternal(ApplicationContextHeaderFilter.java:55)
	at org.springframework.web.filter.OncePerRequestFilter.doFilter(OncePerRequestFilter.java:107)
	at org.apache.catalina.core.ApplicationFilterChain.internalDoFilter(ApplicationFilterChain.java:193)
	at org.apache.catalina.core.ApplicationFilterChain.doFilter(ApplicationFilterChain.java:166)
	at com.alibaba.druid.support.http.WebStatFilter.doFilter(WebStatFilter.java:123)
	at org.apache.catalina.core.ApplicationFilterChain.internalDoFilter(ApplicationFilterChain.java:193)
	at org.apache.catalina.core.ApplicationFilterChain.doFilter(ApplicationFilterChain.java:166)
	at com.bgy.ofa.sapformservice.config.EKPSSOClientAuthenticationFilter.doFilter(EKPSSOClientAuthenticationFilter.java:46)
	at org.apache.catalina.core.ApplicationFilterChain.internalDoFilter(ApplicationFilterChain.java:193)
	at org.apache.catalina.core.ApplicationFilterChain.doFilter(ApplicationFilterChain.java:166)
	at com.landray.sso.client.EKPSSOClient.doFilter(EKPSSOClient.java:126)
	at com.bgy.ofa.sapformservice.config.EKPSSOClientFilter.doFilter(EKPSSOClientFilter.java:35)
	at org.apache.catalina.core.ApplicationFilterChain.internalDoFilter(ApplicationFilterChain.java:193)
	at org.apache.catalina.core.ApplicationFilterChain.doFilter(ApplicationFilterChain.java:166)
	at org.springframework.boot.actuate.trace.WebRequestTraceFilter.doFilterInternal(WebRequestTraceFilter.java:111)
	at org.springframework.web.filter.OncePerRequestFilter.doFilter(OncePerRequestFilter.java:107)
	at org.apache.catalina.core.ApplicationFilterChain.internalDoFilter(ApplicationFilterChain.java:193)
	at org.apache.catalina.core.ApplicationFilterChain.doFilter(ApplicationFilterChain.java:166)
	at org.springframework.web.filter.RequestContextFilter.doFilterInternal(RequestContextFilter.java:99)
	at org.springframework.web.filter.OncePerRequestFilter.doFilter(OncePerRequestFilter.java:107)
	at org.apache.catalina.core.ApplicationFilterChain.internalDoFilter(ApplicationFilterChain.java:193)
	at org.apache.catalina.core.ApplicationFilterChain.doFilter(ApplicationFilterChain.java:166)
	at org.springframework.web.filter.HttpPutFormContentFilter.doFilterInternal(HttpPutFormContentFilter.java:109)
	at org.springframework.web.filter.OncePerRequestFilter.doFilter(OncePerRequestFilter.java:107)
	at org.apache.catalina.core.ApplicationFilterChain.internalDoFilter(ApplicationFilterChain.java:193)
	at org.apache.catalina.core.ApplicationFilterChain.doFilter(ApplicationFilterChain.java:166)
	at org.springframework.web.filter.HiddenHttpMethodFilter.doFilterInternal(HiddenHttpMethodFilter.java:81)
	at org.springframework.web.filter.OncePerRequestFilter.doFilter(OncePerRequestFilter.java:107)
	at org.apache.catalina.core.ApplicationFilterChain.internalDoFilter(ApplicationFilterChain.java:193)
	at org.apache.catalina.core.ApplicationFilterChain.doFilter(ApplicationFilterChain.java:166)
	at org.springframework.web.filter.CharacterEncodingFilter.doFilterInternal(CharacterEncodingFilter.java:197)
	at org.springframework.web.filter.OncePerRequestFilter.doFilter(OncePerRequestFilter.java:107)
	at org.apache.catalina.core.ApplicationFilterChain.internalDoFilter(ApplicationFilterChain.java:193)
	at org.apache.catalina.core.ApplicationFilterChain.doFilter(ApplicationFilterChain.java:166)
	at org.springframework.boot.actuate.autoconfigure.MetricsFilter.doFilterInternal(MetricsFilter.java:106)
	at org.springframework.web.filter.OncePerRequestFilter.doFilter(OncePerRequestFilter.java:107)
	at org.apache.catalina.core.ApplicationFilterChain.internalDoFilter(ApplicationFilterChain.java:193)
	at org.apache.catalina.core.ApplicationFilterChain.doFilter(ApplicationFilterChain.java:166)
	at org.apache.catalina.core.StandardWrapperValve.invoke(StandardWrapperValve.java:198)
	at org.apache.catalina.core.StandardContextValve.invoke(StandardContextValve.java:96)
	at org.apache.catalina.authenticator.AuthenticatorBase.invoke(AuthenticatorBase.java:496)
	at org.apache.catalina.core.StandardHostValve.invoke(StandardHostValve.java:140)
	at org.apache.catalina.valves.ErrorReportValve.invoke(ErrorReportValve.java:81)
	at org.apache.catalina.core.StandardEngineValve.invoke(StandardEngineValve.java:87)
	at org.apache.catalina.connector.CoyoteAdapter.service(CoyoteAdapter.java:342)
	at org.apache.coyote.http11.Http11Processor.service(Http11Processor.java:803)
	at org.apache.coyote.AbstractProcessorLight.process(AbstractProcessorLight.java:66)
	at org.apache.coyote.AbstractProtocol$ConnectionHandler.process(AbstractProtocol.java:790)
	at org.apache.tomcat.util.net.NioEndpoint$SocketProcessor.doRun(NioEndpoint.java:1459)
	at org.apache.tomcat.util.net.SocketProcessorBase.run(SocketProcessorBase.java:49)
	at java.util.concurrent.ThreadPoolExecutor.runWorker(ThreadPoolExecutor.java:1149)
	at java.util.concurrent.ThreadPoolExecutor$Worker.run(ThreadPoolExecutor.java:624)
	at org.apache.tomcat.util.threads.TaskThread$WrappingRunnable.run(TaskThread.java:61)
	at java.lang.Thread.run(Thread.java:748)
Caused by: java.io.IOException: 你的主机中的软件中止了一个已建立的连接。
	at sun.nio.ch.SocketDispatcher.write0(Native Method)
	at sun.nio.ch.SocketDispatcher.write(SocketDispatcher.java:51)
	at sun.nio.ch.IOUtil.writeFromNativeBuffer(IOUtil.java:93)
	at sun.nio.ch.IOUtil.write(IOUtil.java:65)
	at sun.nio.ch.SocketChannelImpl.write(SocketChannelImpl.java:471)
	at org.apache.tomcat.util.net.NioChannel.write(NioChannel.java:134)
	at org.apache.tomcat.util.net.NioBlockingSelector.write(NioBlockingSelector.java:101)
	at org.apache.tomcat.util.net.NioSelectorPool.write(NioSelectorPool.java:157)
	at org.apache.tomcat.util.net.NioEndpoint$NioSocketWrapper.doWrite(NioEndpoint.java:1267)
	at org.apache.tomcat.util.net.SocketWrapperBase.doWrite(SocketWrapperBase.java:670)
	at org.apache.tomcat.util.net.SocketWrapperBase.flushBlocking(SocketWrapperBase.java:607)
	at org.apache.tomcat.util.net.SocketWrapperBase.flush(SocketWrapperBase.java:597)
	at org.apache.coyote.http11.Http11OutputBuffer$SocketOutputBuffer.flush(Http11OutputBuffer.java:646)
	at org.apache.coyote.http11.filters.ChunkedOutputFilter.flush(ChunkedOutputFilter.java:169)
	at org.apache.coyote.http11.Http11OutputBuffer.flush(Http11OutputBuffer.java:252)
	at org.apache.coyote.http11.Http11Processor.flush(Http11Processor.java:1560)
	at org.apache.coyote.AbstractProcessor.action(AbstractProcessor.java:285)
	at org.apache.coyote.Response.action(Response.java:173)
	at org.apache.catalina.connector.OutputBuffer.doFlush(OutputBuffer.java:317)
	... 85 common frames omitted
2019-07-16 15:44:50.750 [http-nio-8081-exec-5] WARN  SapformServiceLoginAop - 未进行元宝单点登录！
2019-07-16 15:45:17.174 [http-nio-8081-exec-7] WARN  SapformServiceLoginAop - 未进行元宝单点登录！
2019-07-16 15:46:37.202 [http-nio-8081-exec-8] WARN  SapformServiceLoginAop - 未进行元宝单点登录！
2019-07-16 15:47:00.146 [main] WARN  ClassPathMapperScanner - No MyBatis mapper was found in '[com.bgy.*.*.dao]' package. Please check your configuration.
2019-07-16 15:47:00.152 [main] WARN  ConfigurationClassPostProcessor - Cannot enhance @Configuration bean definition 'tkMybatisConfig' since its singleton instance has been created too early. The typical cause is a non-static @Bean method with a BeanDefinitionRegistryPostProcessor return type: Consider declaring such methods as 'static'.
2019-07-16 15:47:07.257 [main] WARN  AutowiredAnnotationBeanPostProcessor - Autowired annotation is not supported on static fields: private static java.lang.String com.bgy.ofa.sapformservice.controller.SapformZtCustoCenterController.soaUser
2019-07-16 15:47:11.670 [main] WARN  URLConfigurationSource - No URLs will be polled as dynamic configuration sources.
2019-07-16 15:47:11.676 [main] WARN  URLConfigurationSource - No URLs will be polled as dynamic configuration sources.
2019-07-16 15:47:13.244 [main] WARN  EurekaServerStarterDeprecationWarningAutoConfiguration - spring-cloud-starter-eureka-server is deprecated as of Spring Cloud Netflix 1.4.0, please migrate to spring-cloud-starter-netflix-eureka-server
2019-07-16 15:50:07.205 [http-nio-8081-exec-1] WARN  SapformServiceLoginAop - 未进行元宝单点登录！
2019-07-16 15:51:14.579 [http-nio-8081-exec-2] WARN  SapformServiceLoginAop - 未进行元宝单点登录！
2019-07-16 15:56:01.039 [DiscoveryClient-HeartbeatExecutor-0] WARN  RetryableEurekaHttpClient - Request execution failed with message: org.apache.http.conn.ConnectTimeoutException: Connect to 10.10.179.198:8761 timed out
2019-07-16 16:24:49.229 [main] WARN  ClassPathMapperScanner - No MyBatis mapper was found in '[com.bgy.*.*.dao]' package. Please check your configuration.
2019-07-16 16:24:49.233 [main] WARN  ConfigurationClassPostProcessor - Cannot enhance @Configuration bean definition 'tkMybatisConfig' since its singleton instance has been created too early. The typical cause is a non-static @Bean method with a BeanDefinitionRegistryPostProcessor return type: Consider declaring such methods as 'static'.
2019-07-16 16:24:56.107 [main] WARN  AutowiredAnnotationBeanPostProcessor - Autowired annotation is not supported on static fields: private static java.lang.String com.bgy.ofa.sapformservice.controller.SapformZtCustoCenterController.soaUser
2019-07-16 16:24:59.844 [main] WARN  URLConfigurationSource - No URLs will be polled as dynamic configuration sources.
2019-07-16 16:24:59.849 [main] WARN  URLConfigurationSource - No URLs will be polled as dynamic configuration sources.
2019-07-16 16:25:01.251 [main] WARN  EurekaServerStarterDeprecationWarningAutoConfiguration - spring-cloud-starter-eureka-server is deprecated as of Spring Cloud Netflix 1.4.0, please migrate to spring-cloud-starter-netflix-eureka-server
2019-07-16 16:27:41.145 [main] WARN  ClassPathMapperScanner - No MyBatis mapper was found in '[com.bgy.*.*.dao]' package. Please check your configuration.
2019-07-16 16:27:41.150 [main] WARN  ConfigurationClassPostProcessor - Cannot enhance @Configuration bean definition 'tkMybatisConfig' since its singleton instance has been created too early. The typical cause is a non-static @Bean method with a BeanDefinitionRegistryPostProcessor return type: Consider declaring such methods as 'static'.
2019-07-16 16:27:47.483 [main] WARN  AutowiredAnnotationBeanPostProcessor - Autowired annotation is not supported on static fields: private static java.lang.String com.bgy.ofa.sapformservice.controller.SapformZtCustoCenterController.soaUser
2019-07-16 16:27:51.136 [main] WARN  URLConfigurationSource - No URLs will be polled as dynamic configuration sources.
2019-07-16 16:27:51.142 [main] WARN  URLConfigurationSource - No URLs will be polled as dynamic configuration sources.
2019-07-16 16:27:52.548 [main] WARN  EurekaServerStarterDeprecationWarningAutoConfiguration - spring-cloud-starter-eureka-server is deprecated as of Spring Cloud Netflix 1.4.0, please migrate to spring-cloud-starter-netflix-eureka-server
2019-07-16 16:28:46.883 [main] WARN  ClassPathMapperScanner - No MyBatis mapper was found in '[com.bgy.*.*.dao]' package. Please check your configuration.
2019-07-16 16:28:46.888 [main] WARN  ConfigurationClassPostProcessor - Cannot enhance @Configuration bean definition 'tkMybatisConfig' since its singleton instance has been created too early. The typical cause is a non-static @Bean method with a BeanDefinitionRegistryPostProcessor return type: Consider declaring such methods as 'static'.
2019-07-16 16:28:53.118 [main] WARN  AutowiredAnnotationBeanPostProcessor - Autowired annotation is not supported on static fields: private static java.lang.String com.bgy.ofa.sapformservice.controller.SapformZtCustoCenterController.soaUser
2019-07-16 16:28:57.258 [main] WARN  URLConfigurationSource - No URLs will be polled as dynamic configuration sources.
2019-07-16 16:28:57.263 [main] WARN  URLConfigurationSource - No URLs will be polled as dynamic configuration sources.
2019-07-16 16:28:59.033 [main] WARN  EurekaServerStarterDeprecationWarningAutoConfiguration - spring-cloud-starter-eureka-server is deprecated as of Spring Cloud Netflix 1.4.0, please migrate to spring-cloud-starter-netflix-eureka-server
2019-07-16 16:31:15.479 [main] WARN  ClassPathMapperScanner - No MyBatis mapper was found in '[com.bgy.*.*.dao]' package. Please check your configuration.
2019-07-16 16:31:15.483 [main] WARN  ConfigurationClassPostProcessor - Cannot enhance @Configuration bean definition 'tkMybatisConfig' since its singleton instance has been created too early. The typical cause is a non-static @Bean method with a BeanDefinitionRegistryPostProcessor return type: Consider declaring such methods as 'static'.
2019-07-16 16:31:21.608 [main] WARN  AutowiredAnnotationBeanPostProcessor - Autowired annotation is not supported on static fields: private static java.lang.String com.bgy.ofa.sapformservice.controller.SapformZtCustoCenterController.soaUser
2019-07-16 16:31:25.318 [main] WARN  URLConfigurationSource - No URLs will be polled as dynamic configuration sources.
2019-07-16 16:31:25.324 [main] WARN  URLConfigurationSource - No URLs will be polled as dynamic configuration sources.
2019-07-16 16:31:26.687 [main] WARN  EurekaServerStarterDeprecationWarningAutoConfiguration - spring-cloud-starter-eureka-server is deprecated as of Spring Cloud Netflix 1.4.0, please migrate to spring-cloud-starter-netflix-eureka-server
2019-07-16 16:40:07.232 [main] WARN  ClassPathMapperScanner - No MyBatis mapper was found in '[com.bgy.*.*.dao]' package. Please check your configuration.
2019-07-16 16:40:07.257 [main] WARN  ConfigurationClassPostProcessor - Cannot enhance @Configuration bean definition 'tkMybatisConfig' since its singleton instance has been created too early. The typical cause is a non-static @Bean method with a BeanDefinitionRegistryPostProcessor return type: Consider declaring such methods as 'static'.
2019-07-16 16:40:16.954 [main] WARN  AutowiredAnnotationBeanPostProcessor - Autowired annotation is not supported on static fields: private static java.lang.String com.bgy.ofa.sapformservice.controller.SapformZtCustoCenterController.soaUser
2019-07-16 16:40:20.884 [main] WARN  URLConfigurationSource - No URLs will be polled as dynamic configuration sources.
2019-07-16 16:40:20.895 [main] WARN  URLConfigurationSource - No URLs will be polled as dynamic configuration sources.
2019-07-16 16:40:22.538 [main] WARN  EurekaServerStarterDeprecationWarningAutoConfiguration - spring-cloud-starter-eureka-server is deprecated as of Spring Cloud Netflix 1.4.0, please migrate to spring-cloud-starter-netflix-eureka-server
2019-07-16 16:46:06.977 [DiscoveryClient-HeartbeatExecutor-0] WARN  RetryableEurekaHttpClient - Request execution failed with message: org.apache.http.NoHttpResponseException: 10.10.179.198:8761 failed to respond
2019-07-16 17:11:33.625 [http-nio-8081-exec-1] WARN  SapformServiceLoginAop - 未进行元宝单点登录！
2019-07-16 17:11:42.291 [http-nio-8081-exec-2] WARN  SapformServiceLoginAop - 未进行元宝单点登录！
2019-07-16 17:13:01.873 [http-nio-8081-exec-3] WARN  SapformServiceLoginAop - 未进行元宝单点登录！
2019-07-16 17:14:56.690 [http-nio-8081-exec-4] WARN  SapformServiceLoginAop - 未进行元宝单点登录！
2019-07-16 17:15:40.652 [http-nio-8081-exec-5] WARN  SapformServiceLoginAop - 未进行元宝单点登录！
2019-07-16 17:15:54.466 [http-nio-8081-exec-7] WARN  SapformServiceLoginAop - 未进行元宝单点登录！
2019-07-16 17:16:48.678 [http-nio-8081-exec-6] WARN  SapformServiceLoginAop - 未进行元宝单点登录！
2019-07-16 17:16:55.703 [http-nio-8081-exec-8] WARN  SapformServiceLoginAop - 未进行元宝单点登录！
2019-07-16 17:17:19.947 [http-nio-8081-exec-9] WARN  SapformServiceLoginAop - 未进行元宝单点登录！
2019-07-16 17:19:05.482 [http-nio-8081-exec-10] WARN  SapformServiceLoginAop - 未进行元宝单点登录！
2019-07-16 17:21:46.928 [http-nio-8081-exec-1] WARN  SapformServiceLoginAop - 未进行元宝单点登录！
