2019-07-22 09:05:40.192 [main] WARN  ClassPathMapperScanner - No MyBatis mapper was found in '[com.bgy.*.*.dao]' package. Please check your configuration.
2019-07-22 09:05:40.199 [main] WARN  ConfigurationClassPostProcessor - Cannot enhance @Configuration bean definition 'tkMybatisConfig' since its singleton instance has been created too early. The typical cause is a non-static @Bean method with a BeanDefinitionRegistryPostProcessor return type: Consider declaring such methods as 'static'.
2019-07-22 09:05:48.258 [main] WARN  AutowiredAnnotationBeanPostProcessor - Autowired annotation is not supported on static fields: private static java.lang.String com.bgy.ofa.sapformservice.controller.SapformZtCustoCenterController.soaUser
2019-07-22 09:05:52.559 [main] WARN  URLConfigurationSource - No URLs will be polled as dynamic configuration sources.
2019-07-22 09:05:52.565 [main] WARN  URLConfigurationSource - No URLs will be polled as dynamic configuration sources.
2019-07-22 09:05:54.296 [main] WARN  EurekaServerStarterDeprecationWarningAutoConfiguration - spring-cloud-starter-eureka-server is deprecated as of Spring Cloud Netflix 1.4.0, please migrate to spring-cloud-starter-netflix-eureka-server
2019-07-22 09:09:26.880 [http-nio-8081-exec-2] WARN  SapformServiceLoginAop - 未进行元宝单点登录！
2019-07-22 09:09:27.013 [http-nio-8081-exec-3] WARN  SapformServiceLoginAop - 未进行元宝单点登录！
2019-07-22 09:09:27.572 [http-nio-8081-exec-4] WARN  SapformServiceLoginAop - 未进行元宝单点登录！
2019-07-22 09:09:42.820 [http-nio-8081-exec-5] WARN  SapformServiceLoginAop - 未进行元宝单点登录！
2019-07-22 09:09:48.310 [http-nio-8081-exec-6] WARN  SapformServiceLoginAop - 未进行元宝单点登录！
2019-07-22 09:09:53.899 [http-nio-8081-exec-7] WARN  SapformServiceLoginAop - 未进行元宝单点登录！
2019-07-22 09:09:53.906 [http-nio-8081-exec-8] WARN  SapformServiceLoginAop - 未进行元宝单点登录！
2019-07-22 09:09:53.915 [http-nio-8081-exec-9] WARN  SapformServiceLoginAop - 未进行元宝单点登录！
2019-07-22 09:09:54.225 [http-nio-8081-exec-10] WARN  SapformServiceLoginAop - 未进行元宝单点登录！
2019-07-22 09:09:54.592 [http-nio-8081-exec-1] WARN  SapformServiceLoginAop - 未进行元宝单点登录！
2019-07-22 09:22:01.858 [http-nio-8081-exec-3] WARN  SapformServiceLoginAop - 未进行元宝单点登录！
2019-07-22 09:22:02.273 [http-nio-8081-exec-2] WARN  SapformServiceLoginAop - 未进行元宝单点登录！
2019-07-22 09:22:02.714 [http-nio-8081-exec-4] WARN  SapformServiceLoginAop - 未进行元宝单点登录！
2019-07-22 09:22:03.013 [http-nio-8081-exec-6] WARN  SapformServiceLoginAop - 未进行元宝单点登录！
2019-07-22 09:22:03.013 [http-nio-8081-exec-5] WARN  SapformServiceLoginAop - 未进行元宝单点登录！
2019-07-22 09:22:03.019 [http-nio-8081-exec-7] WARN  SapformServiceLoginAop - 未进行元宝单点登录！
2019-07-22 09:22:03.526 [http-nio-8081-exec-10] WARN  SapformServiceLoginAop - 未进行元宝单点登录！
2019-07-22 09:22:03.912 [http-nio-8081-exec-9] WARN  SapformServiceLoginAop - 未进行元宝单点登录！
2019-07-22 09:22:44.108 [http-nio-8081-exec-1] WARN  SapformServiceLoginAop - 未进行元宝单点登录！
2019-07-22 09:22:44.422 [http-nio-8081-exec-8] WARN  SapformServiceLoginAop - 未进行元宝单点登录！
2019-07-22 09:22:44.866 [http-nio-8081-exec-3] WARN  SapformServiceLoginAop - 未进行元宝单点登录！
2019-07-22 09:22:46.244 [http-nio-8081-exec-2] WARN  SapformServiceLoginAop - 未进行元宝单点登录！
2019-07-22 09:22:46.252 [http-nio-8081-exec-4] WARN  SapformServiceLoginAop - 未进行元宝单点登录！
2019-07-22 09:22:46.255 [http-nio-8081-exec-5] WARN  SapformServiceLoginAop - 未进行元宝单点登录！
2019-07-22 09:22:46.564 [http-nio-8081-exec-7] WARN  SapformServiceLoginAop - 未进行元宝单点登录！
2019-07-22 09:22:46.936 [http-nio-8081-exec-10] WARN  SapformServiceLoginAop - 未进行元宝单点登录！
2019-07-22 09:22:50.371 [http-nio-8081-exec-9] WARN  SapformServiceLoginAop - 未进行元宝单点登录！
2019-07-22 09:22:50.679 [http-nio-8081-exec-6] WARN  SapformServiceLoginAop - 未进行元宝单点登录！
2019-07-22 09:22:51.140 [http-nio-8081-exec-1] WARN  SapformServiceLoginAop - 未进行元宝单点登录！
2019-07-22 09:22:53.898 [http-nio-8081-exec-8] WARN  SapformServiceLoginAop - 未进行元宝单点登录！
2019-07-22 09:22:53.907 [http-nio-8081-exec-3] WARN  SapformServiceLoginAop - 未进行元宝单点登录！
2019-07-22 09:22:53.910 [http-nio-8081-exec-2] WARN  SapformServiceLoginAop - 未进行元宝单点登录！
2019-07-22 09:22:54.222 [http-nio-8081-exec-7] WARN  SapformServiceLoginAop - 未进行元宝单点登录！
2019-07-22 09:22:54.577 [http-nio-8081-exec-5] WARN  SapformServiceLoginAop - 未进行元宝单点登录！
2019-07-22 09:37:39.287 [http-nio-8081-exec-10] WARN  SapformServiceLoginAop - 未进行元宝单点登录！
2019-07-22 09:37:39.592 [http-nio-8081-exec-4] WARN  SapformServiceLoginAop - 未进行元宝单点登录！
2019-07-22 09:37:40.027 [http-nio-8081-exec-9] WARN  SapformServiceLoginAop - 未进行元宝单点登录！
2019-07-22 09:37:43.222 [http-nio-8081-exec-6] WARN  SapformServiceLoginAop - 未进行元宝单点登录！
2019-07-22 09:37:44.328 [http-nio-8081-exec-1] WARN  SapformServiceLoginAop - 未进行元宝单点登录！
2019-07-22 09:37:44.583 [http-nio-8081-exec-8] WARN  SapformServiceLoginAop - 未进行元宝单点登录！
2019-07-22 09:37:46.174 [http-nio-8081-exec-7] WARN  SapformServiceLoginAop - 未进行元宝单点登录！
2019-07-22 09:37:48.444 [http-nio-8081-exec-2] WARN  SapformServiceLoginAop - 未进行元宝单点登录！
2019-07-22 09:37:48.742 [http-nio-8081-exec-5] WARN  SapformServiceLoginAop - 未进行元宝单点登录！
2019-07-22 09:37:49.161 [http-nio-8081-exec-3] WARN  SapformServiceLoginAop - 未进行元宝单点登录！
2019-07-22 09:37:50.974 [http-nio-8081-exec-10] WARN  SapformServiceLoginAop - 未进行元宝单点登录！
2019-07-22 09:37:52.196 [http-nio-8081-exec-4] WARN  SapformServiceLoginAop - 未进行元宝单点登录！
2019-07-22 09:37:52.451 [http-nio-8081-exec-9] WARN  SapformServiceLoginAop - 未进行元宝单点登录！
2019-07-22 09:37:53.895 [http-nio-8081-exec-6] WARN  SapformServiceLoginAop - 未进行元宝单点登录！
2019-07-22 09:37:57.162 [http-nio-8081-exec-1] WARN  SapformServiceLoginAop - 未进行元宝单点登录！
2019-07-22 09:37:57.483 [http-nio-8081-exec-8] WARN  SapformServiceLoginAop - 未进行元宝单点登录！
2019-07-22 09:37:57.931 [http-nio-8081-exec-7] WARN  SapformServiceLoginAop - 未进行元宝单点登录！
2019-07-22 09:37:59.222 [http-nio-8081-exec-2] WARN  SapformServiceLoginAop - 未进行元宝单点登录！
2019-07-22 09:38:00.305 [http-nio-8081-exec-5] WARN  SapformServiceLoginAop - 未进行元宝单点登录！
2019-07-22 09:38:00.558 [http-nio-8081-exec-3] WARN  SapformServiceLoginAop - 未进行元宝单点登录！
2019-07-22 09:38:02.038 [http-nio-8081-exec-10] WARN  SapformServiceLoginAop - 未进行元宝单点登录！
2019-07-22 09:38:06.266 [http-nio-8081-exec-4] WARN  SapformServiceLoginAop - 未进行元宝单点登录！
2019-07-22 09:38:06.577 [http-nio-8081-exec-9] WARN  SapformServiceLoginAop - 未进行元宝单点登录！
2019-07-22 09:38:06.999 [http-nio-8081-exec-6] WARN  SapformServiceLoginAop - 未进行元宝单点登录！
2019-07-22 09:38:08.971 [http-nio-8081-exec-1] WARN  SapformServiceLoginAop - 未进行元宝单点登录！
2019-07-22 09:38:11.096 [http-nio-8081-exec-8] WARN  SapformServiceLoginAop - 未进行元宝单点登录！
2019-07-22 09:38:12.080 [http-nio-8081-exec-7] WARN  SapformServiceLoginAop - 未进行元宝单点登录！
2019-07-22 09:38:12.333 [http-nio-8081-exec-2] WARN  SapformServiceLoginAop - 未进行元宝单点登录！
2019-07-22 09:38:14.108 [http-nio-8081-exec-5] WARN  SapformServiceLoginAop - 未进行元宝单点登录！
2019-07-22 09:38:14.114 [http-nio-8081-exec-3] WARN  SapformServiceLoginAop - 未进行元宝单点登录！
2019-07-22 09:38:14.692 [http-nio-8081-exec-10] WARN  SapformServiceLoginAop - 未进行元宝单点登录！
2019-07-22 09:38:14.878 [http-nio-8081-exec-4] WARN  SapformServiceLoginAop - 未进行元宝单点登录！
2019-07-22 09:38:16.845 [http-nio-8081-exec-9] WARN  SapformServiceLoginAop - 未进行元宝单点登录！
2019-07-22 09:38:17.847 [http-nio-8081-exec-6] WARN  SapformServiceLoginAop - 未进行元宝单点登录！
2019-07-22 09:38:18.102 [http-nio-8081-exec-1] WARN  SapformServiceLoginAop - 未进行元宝单点登录！
2019-07-22 09:38:19.583 [http-nio-8081-exec-8] WARN  SapformServiceLoginAop - 未进行元宝单点登录！
2019-07-22 09:38:50.068 [http-nio-8081-exec-7] WARN  SapformServiceLoginAop - 未进行元宝单点登录！
2019-07-22 09:38:50.485 [http-nio-8081-exec-2] WARN  SapformServiceLoginAop - 未进行元宝单点登录！
2019-07-22 09:38:51.014 [http-nio-8081-exec-3] WARN  SapformServiceLoginAop - 未进行元宝单点登录！
2019-07-22 09:38:52.585 [http-nio-8081-exec-5] WARN  SapformServiceLoginAop - 未进行元宝单点登录！
2019-07-22 09:38:53.790 [http-nio-8081-exec-4] WARN  SapformServiceLoginAop - 未进行元宝单点登录！
2019-07-22 09:38:54.117 [http-nio-8081-exec-10] WARN  SapformServiceLoginAop - 未进行元宝单点登录！
2019-07-22 09:38:56.162 [http-nio-8081-exec-9] WARN  SapformServiceLoginAop - 未进行元宝单点登录！
2019-07-22 09:40:35.833 [http-nio-8081-exec-6] WARN  SapformServiceLoginAop - 未进行元宝单点登录！
2019-07-22 09:40:36.186 [http-nio-8081-exec-1] WARN  SapformServiceLoginAop - 未进行元宝单点登录！
2019-07-22 09:40:36.654 [http-nio-8081-exec-8] WARN  SapformServiceLoginAop - 未进行元宝单点登录！
2019-07-22 09:40:37.722 [http-nio-8081-exec-7] WARN  SapformServiceLoginAop - 未进行元宝单点登录！
2019-07-22 09:40:38.850 [http-nio-8081-exec-2] WARN  SapformServiceLoginAop - 未进行元宝单点登录！
2019-07-22 09:40:39.101 [http-nio-8081-exec-3] WARN  SapformServiceLoginAop - 未进行元宝单点登录！
2019-07-22 09:40:40.704 [http-nio-8081-exec-5] WARN  SapformServiceLoginAop - 未进行元宝单点登录！
2019-07-22 09:41:32.581 [http-nio-8081-exec-4] WARN  SapformServiceLoginAop - 未进行元宝单点登录！
2019-07-22 09:41:32.889 [http-nio-8081-exec-10] WARN  SapformServiceLoginAop - 未进行元宝单点登录！
2019-07-22 09:41:33.299 [http-nio-8081-exec-9] WARN  SapformServiceLoginAop - 未进行元宝单点登录！
2019-07-22 09:41:36.928 [http-nio-8081-exec-6] WARN  SapformServiceLoginAop - 未进行元宝单点登录！
2019-07-22 09:41:38.039 [http-nio-8081-exec-1] WARN  SapformServiceLoginAop - 未进行元宝单点登录！
2019-07-22 09:41:38.309 [http-nio-8081-exec-8] WARN  SapformServiceLoginAop - 未进行元宝单点登录！
2019-07-22 09:41:40.362 [http-nio-8081-exec-7] WARN  SapformServiceLoginAop - 未进行元宝单点登录！
2019-07-22 09:45:10.768 [main] WARN  ClassPathMapperScanner - No MyBatis mapper was found in '[com.bgy.*.*.dao]' package. Please check your configuration.
2019-07-22 09:45:10.773 [main] WARN  ConfigurationClassPostProcessor - Cannot enhance @Configuration bean definition 'tkMybatisConfig' since its singleton instance has been created too early. The typical cause is a non-static @Bean method with a BeanDefinitionRegistryPostProcessor return type: Consider declaring such methods as 'static'.
2019-07-22 09:45:19.192 [main] WARN  AutowiredAnnotationBeanPostProcessor - Autowired annotation is not supported on static fields: private static java.lang.String com.bgy.ofa.sapformservice.controller.SapformZtCustoCenterController.soaUser
2019-07-22 09:45:24.372 [main] WARN  URLConfigurationSource - No URLs will be polled as dynamic configuration sources.
2019-07-22 09:45:24.383 [main] WARN  URLConfigurationSource - No URLs will be polled as dynamic configuration sources.
2019-07-22 09:45:26.443 [main] WARN  EurekaServerStarterDeprecationWarningAutoConfiguration - spring-cloud-starter-eureka-server is deprecated as of Spring Cloud Netflix 1.4.0, please migrate to spring-cloud-starter-netflix-eureka-server
2019-07-22 10:00:42.253 [main] WARN  ClassPathMapperScanner - No MyBatis mapper was found in '[com.bgy.*.*.dao]' package. Please check your configuration.
2019-07-22 10:00:42.258 [main] WARN  ConfigurationClassPostProcessor - Cannot enhance @Configuration bean definition 'tkMybatisConfig' since its singleton instance has been created too early. The typical cause is a non-static @Bean method with a BeanDefinitionRegistryPostProcessor return type: Consider declaring such methods as 'static'.
2019-07-22 10:00:50.337 [main] WARN  AutowiredAnnotationBeanPostProcessor - Autowired annotation is not supported on static fields: private static java.lang.String com.bgy.ofa.sapformservice.controller.SapformZtCustoCenterController.soaUser
2019-07-22 10:00:55.035 [main] WARN  URLConfigurationSource - No URLs will be polled as dynamic configuration sources.
2019-07-22 10:00:55.042 [main] WARN  URLConfigurationSource - No URLs will be polled as dynamic configuration sources.
2019-07-22 10:00:56.895 [main] WARN  EurekaServerStarterDeprecationWarningAutoConfiguration - spring-cloud-starter-eureka-server is deprecated as of Spring Cloud Netflix 1.4.0, please migrate to spring-cloud-starter-netflix-eureka-server
2019-07-22 10:05:52.078 [http-nio-8081-exec-1] WARN  SapformServiceLoginAop - 未进行元宝单点登录！
2019-07-22 10:05:52.181 [http-nio-8081-exec-2] WARN  SapformServiceLoginAop - 未进行元宝单点登录！
2019-07-22 10:05:52.965 [http-nio-8081-exec-3] WARN  SapformServiceLoginAop - 未进行元宝单点登录！
2019-07-22 10:05:55.892 [http-nio-8081-exec-4] WARN  SapformServiceLoginAop - 未进行元宝单点登录！
2019-07-22 10:05:56.900 [http-nio-8081-exec-5] WARN  SapformServiceLoginAop - 未进行元宝单点登录！
2019-07-22 10:05:57.166 [http-nio-8081-exec-6] WARN  SapformServiceLoginAop - 未进行元宝单点登录！
2019-07-22 10:05:59.039 [http-nio-8081-exec-7] WARN  SapformServiceLoginAop - 未进行元宝单点登录！
2019-07-22 10:06:37.568 [http-nio-8081-exec-8] WARN  SapformServiceLoginAop - 未进行元宝单点登录！
2019-07-22 10:06:38.682 [http-nio-8081-exec-9] WARN  SapformServiceLoginAop - 未进行元宝单点登录！
2019-07-22 10:06:38.920 [http-nio-8081-exec-10] WARN  SapformServiceLoginAop - 未进行元宝单点登录！
2019-07-22 10:06:40.723 [http-nio-8081-exec-2] WARN  SapformServiceLoginAop - 未进行元宝单点登录！
2019-07-22 10:07:02.406 [http-nio-8081-exec-1] WARN  SapformServiceLoginAop - 未进行元宝单点登录！
2019-07-22 10:07:02.411 [http-nio-8081-exec-3] WARN  SapformServiceLoginAop - 未进行元宝单点登录！
2019-07-22 10:07:02.861 [http-nio-8081-exec-4] WARN  SapformServiceLoginAop - 未进行元宝单点登录！
2019-07-22 10:07:04.571 [http-nio-8081-exec-5] WARN  SapformServiceLoginAop - 未进行元宝单点登录！
2019-07-22 10:07:05.668 [http-nio-8081-exec-6] WARN  SapformServiceLoginAop - 未进行元宝单点登录！
2019-07-22 10:07:06.228 [http-nio-8081-exec-7] WARN  SapformServiceLoginAop - 未进行元宝单点登录！
2019-07-22 10:07:08.415 [http-nio-8081-exec-8] WARN  SapformServiceLoginAop - 未进行元宝单点登录！
2019-07-22 10:07:39.818 [http-nio-8081-exec-9] WARN  SapformServiceLoginAop - 未进行元宝单点登录！
2019-07-22 10:07:40.123 [http-nio-8081-exec-10] WARN  SapformServiceLoginAop - 未进行元宝单点登录！
2019-07-22 10:07:40.734 [http-nio-8081-exec-2] WARN  SapformServiceLoginAop - 未进行元宝单点登录！
2019-07-22 10:07:42.027 [http-nio-8081-exec-3] WARN  SapformServiceLoginAop - 未进行元宝单点登录！
2019-07-22 10:07:43.577 [http-nio-8081-exec-1] WARN  SapformServiceLoginAop - 未进行元宝单点登录！
2019-07-22 10:07:44.079 [http-nio-8081-exec-4] WARN  SapformServiceLoginAop - 未进行元宝单点登录！
2019-07-22 10:07:48.809 [http-nio-8081-exec-5] WARN  SapformServiceLoginAop - 未进行元宝单点登录！
2019-07-22 10:08:32.424 [http-nio-8081-exec-6] WARN  SapformServiceLoginAop - 未进行元宝单点登录！
2019-07-22 10:08:32.729 [http-nio-8081-exec-7] WARN  SapformServiceLoginAop - 未进行元宝单点登录！
2019-07-22 10:08:33.158 [http-nio-8081-exec-8] WARN  SapformServiceLoginAop - 未进行元宝单点登录！
2019-07-22 10:08:34.821 [http-nio-8081-exec-9] WARN  SapformServiceLoginAop - 未进行元宝单点登录！
2019-07-22 10:08:35.980 [http-nio-8081-exec-10] WARN  SapformServiceLoginAop - 未进行元宝单点登录！
2019-07-22 10:08:36.232 [http-nio-8081-exec-2] WARN  SapformServiceLoginAop - 未进行元宝单点登录！
2019-07-22 10:08:37.858 [http-nio-8081-exec-3] WARN  SapformServiceLoginAop - 未进行元宝单点登录！
2019-07-22 10:09:17.408 [http-nio-8081-exec-1] WARN  SapformServiceLoginAop - 未进行元宝单点登录！
2019-07-22 10:09:17.714 [http-nio-8081-exec-4] WARN  SapformServiceLoginAop - 未进行元宝单点登录！
2019-07-22 10:09:18.183 [http-nio-8081-exec-5] WARN  SapformServiceLoginAop - 未进行元宝单点登录！
2019-07-22 10:09:20.955 [http-nio-8081-exec-6] WARN  SapformServiceLoginAop - 未进行元宝单点登录！
2019-07-22 10:09:22.156 [http-nio-8081-exec-7] WARN  SapformServiceLoginAop - 未进行元宝单点登录！
2019-07-22 10:09:22.407 [http-nio-8081-exec-8] WARN  SapformServiceLoginAop - 未进行元宝单点登录！
2019-07-22 10:09:23.670 [http-nio-8081-exec-9] WARN  SapformServiceLoginAop - 未进行元宝单点登录！
2019-07-22 10:09:23.678 [http-nio-8081-exec-10] WARN  SapformServiceLoginAop - 未进行元宝单点登录！
2019-07-22 10:09:24.156 [http-nio-8081-exec-3] WARN  SapformServiceLoginAop - 未进行元宝单点登录！
2019-07-22 10:09:24.156 [http-nio-8081-exec-2] WARN  SapformServiceLoginAop - 未进行元宝单点登录！
2019-07-22 10:09:24.161 [http-nio-8081-exec-1] WARN  SapformServiceLoginAop - 未进行元宝单点登录！
2019-07-22 10:09:24.500 [http-nio-8081-exec-4] WARN  SapformServiceLoginAop - 未进行元宝单点登录！
2019-07-22 10:09:24.725 [http-nio-8081-exec-5] WARN  SapformServiceLoginAop - 未进行元宝单点登录！
2019-07-22 10:09:24.952 [http-nio-8081-exec-6] WARN  SapformServiceLoginAop - 未进行元宝单点登录！
2019-07-22 10:09:25.037 [http-nio-8081-exec-7] WARN  SapformServiceLoginAop - 未进行元宝单点登录！
2019-07-22 10:09:27.453 [http-nio-8081-exec-9] WARN  SapformServiceLoginAop - 未进行元宝单点登录！
2019-07-22 10:09:28.757 [http-nio-8081-exec-10] WARN  SapformServiceLoginAop - 未进行元宝单点登录！
2019-07-22 10:09:29.010 [http-nio-8081-exec-8] WARN  SapformServiceLoginAop - 未进行元宝单点登录！
2019-07-22 10:09:31.266 [http-nio-8081-exec-2] WARN  SapformServiceLoginAop - 未进行元宝单点登录！
2019-07-22 10:09:31.266 [http-nio-8081-exec-1] WARN  SapformServiceLoginAop - 未进行元宝单点登录！
2019-07-22 10:09:31.269 [http-nio-8081-exec-4] WARN  SapformServiceLoginAop - 未进行元宝单点登录！
2019-07-22 10:09:31.583 [http-nio-8081-exec-6] WARN  SapformServiceLoginAop - 未进行元宝单点登录！
2019-07-22 10:09:32.328 [http-nio-8081-exec-5] WARN  SapformServiceLoginAop - 未进行元宝单点登录！
2019-07-22 10:09:32.828 [http-nio-8081-exec-7] WARN  SapformServiceLoginAop - 未进行元宝单点登录！
2019-07-22 10:09:40.646 [http-nio-8081-exec-3] WARN  SapformServiceLoginAop - 未进行元宝单点登录！
2019-07-22 10:09:41.645 [http-nio-8081-exec-9] WARN  SapformServiceLoginAop - 未进行元宝单点登录！
2019-07-22 10:09:41.935 [http-nio-8081-exec-10] WARN  SapformServiceLoginAop - 未进行元宝单点登录！
2019-07-22 10:09:43.310 [http-nio-8081-exec-8] WARN  SapformServiceLoginAop - 未进行元宝单点登录！
2019-07-22 10:09:43.311 [http-nio-8081-exec-2] WARN  SapformServiceLoginAop - 未进行元宝单点登录！
2019-07-22 10:09:43.318 [http-nio-8081-exec-6] WARN  SapformServiceLoginAop - 未进行元宝单点登录！
2019-07-22 10:09:44.018 [http-nio-8081-exec-5] WARN  SapformServiceLoginAop - 未进行元宝单点登录！
2019-07-22 10:09:44.399 [http-nio-8081-exec-4] WARN  SapformServiceLoginAop - 未进行元宝单点登录！
2019-07-22 10:09:44.466 [http-nio-8081-exec-1] WARN  SapformServiceLoginAop - 未进行元宝单点登录！
2019-07-22 10:10:18.324 [http-nio-8081-exec-7] WARN  SapformServiceLoginAop - 未进行元宝单点登录！
2019-07-22 10:10:19.297 [http-nio-8081-exec-3] WARN  SapformServiceLoginAop - 未进行元宝单点登录！
2019-07-22 10:10:19.553 [http-nio-8081-exec-9] WARN  SapformServiceLoginAop - 未进行元宝单点登录！
2019-07-22 10:10:21.233 [http-nio-8081-exec-10] WARN  SapformServiceLoginAop - 未进行元宝单点登录！
2019-07-22 10:10:22.291 [http-nio-8081-exec-8] WARN  SapformServiceLoginAop - 未进行元宝单点登录！
2019-07-22 10:10:22.599 [http-nio-8081-exec-6] WARN  SapformServiceLoginAop - 未进行元宝单点登录！
2019-07-22 10:10:23.009 [http-nio-8081-exec-5] WARN  SapformServiceLoginAop - 未进行元宝单点登录！
2019-07-22 10:10:36.776 [http-nio-8081-exec-1] WARN  SapformServiceLoginAop - 未进行元宝单点登录！
2019-07-22 10:10:36.778 [http-nio-8081-exec-2] WARN  SapformServiceLoginAop - 未进行元宝单点登录！
2019-07-22 10:10:36.783 [http-nio-8081-exec-4] WARN  SapformServiceLoginAop - 未进行元宝单点登录！
2019-07-22 10:10:37.093 [http-nio-8081-exec-7] WARN  SapformServiceLoginAop - 未进行元宝单点登录！
2019-07-22 10:10:37.450 [http-nio-8081-exec-3] WARN  SapformServiceLoginAop - 未进行元宝单点登录！
2019-07-22 10:11:13.492 [http-nio-8081-exec-9] WARN  SapformServiceLoginAop - 未进行元宝单点登录！
2019-07-22 10:11:13.849 [http-nio-8081-exec-10] WARN  SapformServiceLoginAop - 未进行元宝单点登录！
2019-07-22 10:11:13.970 [http-nio-8081-exec-8] WARN  SapformServiceLoginAop - 未进行元宝单点登录！
2019-07-22 10:11:14.719 [http-nio-8081-exec-6] WARN  SapformServiceLoginAop - 未进行元宝单点登录！
2019-07-22 10:11:14.720 [http-nio-8081-exec-5] WARN  SapformServiceLoginAop - 未进行元宝单点登录！
2019-07-22 10:11:14.727 [http-nio-8081-exec-1] WARN  SapformServiceLoginAop - 未进行元宝单点登录！
2019-07-22 10:11:15.064 [http-nio-8081-exec-7] WARN  SapformServiceLoginAop - 未进行元宝单点登录！
2019-07-22 10:11:15.128 [http-nio-8081-exec-4] WARN  SapformServiceLoginAop - 未进行元宝单点登录！
2019-07-22 10:11:30.372 [http-nio-8081-exec-3] WARN  SapformServiceLoginAop - 未进行元宝单点登录！
2019-07-22 10:11:30.674 [http-nio-8081-exec-2] WARN  SapformServiceLoginAop - 未进行元宝单点登录！
2019-07-22 10:11:30.791 [http-nio-8081-exec-9] WARN  SapformServiceLoginAop - 未进行元宝单点登录！
2019-07-22 10:11:33.587 [http-nio-8081-exec-10] WARN  SapformServiceLoginAop - 未进行元宝单点登录！
2019-07-22 10:11:33.587 [http-nio-8081-exec-8] WARN  SapformServiceLoginAop - 未进行元宝单点登录！
2019-07-22 10:11:33.592 [http-nio-8081-exec-6] WARN  SapformServiceLoginAop - 未进行元宝单点登录！
2019-07-22 10:11:33.922 [http-nio-8081-exec-1] WARN  SapformServiceLoginAop - 未进行元宝单点登录！
2019-07-22 10:11:34.001 [http-nio-8081-exec-7] WARN  SapformServiceLoginAop - 未进行元宝单点登录！
2019-07-22 10:12:45.536 [http-nio-8081-exec-4] WARN  SapformServiceLoginAop - 未进行元宝单点登录！
2019-07-22 10:12:46.008 [http-nio-8081-exec-5] WARN  SapformServiceLoginAop - 未进行元宝单点登录！
2019-07-22 10:12:46.157 [http-nio-8081-exec-3] WARN  SapformServiceLoginAop - 未进行元宝单点登录！
2019-07-22 10:12:48.635 [http-nio-8081-exec-2] WARN  SapformServiceLoginAop - 未进行元宝单点登录！
2019-07-22 10:12:49.231 [http-nio-8081-exec-9] WARN  SapformServiceLoginAop - 未进行元宝单点登录！
2019-07-22 10:12:49.441 [http-nio-8081-exec-10] WARN  SapformServiceLoginAop - 未进行元宝单点登录！
2019-07-22 10:12:50.909 [http-nio-8081-exec-6] WARN  SapformServiceLoginAop - 未进行元宝单点登录！
2019-07-22 10:12:52.924 [http-nio-8081-exec-1] WARN  SapformServiceLoginAop - 未进行元宝单点登录！
2019-07-22 10:12:53.227 [http-nio-8081-exec-7] WARN  SapformServiceLoginAop - 未进行元宝单点登录！
2019-07-22 10:12:53.568 [http-nio-8081-exec-8] WARN  SapformServiceLoginAop - 未进行元宝单点登录！
2019-07-22 10:12:55.923 [http-nio-8081-exec-4] WARN  SapformServiceLoginAop - 未进行元宝单点登录！
2019-07-22 10:12:56.551 [http-nio-8081-exec-5] WARN  SapformServiceLoginAop - 未进行元宝单点登录！
2019-07-22 10:12:56.745 [http-nio-8081-exec-3] WARN  SapformServiceLoginAop - 未进行元宝单点登录！
2019-07-22 10:12:58.372 [http-nio-8081-exec-2] WARN  SapformServiceLoginAop - 未进行元宝单点登录！
2019-07-22 10:18:46.012 [http-nio-8081-exec-9] WARN  SapformServiceLoginAop - 未进行元宝单点登录！
2019-07-22 10:18:46.313 [http-nio-8081-exec-10] WARN  SapformServiceLoginAop - 未进行元宝单点登录！
2019-07-22 10:18:46.687 [http-nio-8081-exec-6] WARN  SapformServiceLoginAop - 未进行元宝单点登录！
2019-07-22 10:18:48.532 [http-nio-8081-exec-7] WARN  SapformServiceLoginAop - 未进行元宝单点登录！
2019-07-22 10:18:49.303 [http-nio-8081-exec-1] WARN  SapformServiceLoginAop - 未进行元宝单点登录！
2019-07-22 10:18:49.834 [http-nio-8081-exec-8] WARN  SapformServiceLoginAop - 未进行元宝单点登录！
2019-07-22 10:18:51.832 [http-nio-8081-exec-4] WARN  SapformServiceLoginAop - 未进行元宝单点登录！
2019-07-22 10:20:23.656 [http-nio-8081-exec-5] WARN  SapformServiceLoginAop - 未进行元宝单点登录！
2019-07-22 10:20:23.958 [http-nio-8081-exec-3] WARN  SapformServiceLoginAop - 未进行元宝单点登录！
2019-07-22 10:20:24.084 [http-nio-8081-exec-2] WARN  SapformServiceLoginAop - 未进行元宝单点登录！
2019-07-22 10:20:26.195 [http-nio-8081-exec-9] WARN  SapformServiceLoginAop - 未进行元宝单点登录！
2019-07-22 10:20:26.709 [http-nio-8081-exec-10] WARN  SapformServiceLoginAop - 未进行元宝单点登录！
2019-07-22 10:20:26.925 [http-nio-8081-exec-6] WARN  SapformServiceLoginAop - 未进行元宝单点登录！
2019-07-22 10:20:28.596 [http-nio-8081-exec-7] WARN  SapformServiceLoginAop - 未进行元宝单点登录！
2019-07-22 10:20:44.175 [http-nio-8081-exec-1] WARN  SapformServiceLoginAop - 未进行元宝单点登录！
2019-07-22 10:20:44.481 [http-nio-8081-exec-8] WARN  SapformServiceLoginAop - 未进行元宝单点登录！
2019-07-22 10:20:44.606 [http-nio-8081-exec-4] WARN  SapformServiceLoginAop - 未进行元宝单点登录！
2019-07-22 10:20:45.226 [http-nio-8081-exec-5] WARN  SapformServiceLoginAop - 未进行元宝单点登录！
2019-07-22 10:20:45.226 [http-nio-8081-exec-3] WARN  SapformServiceLoginAop - 未进行元宝单点登录！
2019-07-22 10:20:45.230 [http-nio-8081-exec-2] WARN  SapformServiceLoginAop - 未进行元宝单点登录！
2019-07-22 10:20:45.550 [http-nio-8081-exec-9] WARN  SapformServiceLoginAop - 未进行元宝单点登录！
2019-07-22 10:20:45.603 [http-nio-8081-exec-10] WARN  SapformServiceLoginAop - 未进行元宝单点登录！
2019-07-22 10:21:36.848 [http-nio-8081-exec-6] WARN  SapformServiceLoginAop - 未进行元宝单点登录！
2019-07-22 10:21:37.151 [http-nio-8081-exec-7] WARN  SapformServiceLoginAop - 未进行元宝单点登录！
2019-07-22 10:21:37.575 [http-nio-8081-exec-1] WARN  SapformServiceLoginAop - 未进行元宝单点登录！
2019-07-22 10:21:39.224 [http-nio-8081-exec-8] WARN  SapformServiceLoginAop - 未进行元宝单点登录！
2019-07-22 10:21:40.342 [http-nio-8081-exec-4] WARN  SapformServiceLoginAop - 未进行元宝单点登录！
2019-07-22 10:21:40.590 [http-nio-8081-exec-5] WARN  SapformServiceLoginAop - 未进行元宝单点登录！
2019-07-22 10:21:42.135 [http-nio-8081-exec-9] WARN  SapformServiceLoginAop - 未进行元宝单点登录！
2019-07-22 10:21:46.210 [http-nio-8081-exec-2] WARN  SapformServiceLoginAop - 未进行元宝单点登录！
2019-07-22 10:21:46.591 [http-nio-8081-exec-10] WARN  SapformServiceLoginAop - 未进行元宝单点登录！
2019-07-22 10:21:46.927 [http-nio-8081-exec-3] WARN  SapformServiceLoginAop - 未进行元宝单点登录！
2019-07-22 10:21:47.258 [http-nio-8081-exec-6] WARN  SapformServiceLoginAop - 未进行元宝单点登录！
2019-07-22 10:21:48.005 [http-nio-8081-exec-7] WARN  SapformServiceLoginAop - 未进行元宝单点登录！
2019-07-22 10:21:48.254 [http-nio-8081-exec-1] WARN  SapformServiceLoginAop - 未进行元宝单点登录！
2019-07-22 10:21:49.975 [http-nio-8081-exec-8] WARN  SapformServiceLoginAop - 未进行元宝单点登录！
2019-07-22 10:21:50.382 [http-nio-8081-exec-4] WARN  SapformServiceLoginAop - 未进行元宝单点登录！
2019-07-22 10:21:51.833 [http-nio-8081-exec-5] WARN  SapformServiceLoginAop - 未进行元宝单点登录！
2019-07-22 10:21:52.395 [http-nio-8081-exec-9] WARN  SapformServiceLoginAop - 未进行元宝单点登录！
2019-07-22 10:21:53.799 [http-nio-8081-exec-2] WARN  SapformServiceLoginAop - 未进行元宝单点登录！
2019-07-22 10:21:54.893 [http-nio-8081-exec-10] WARN  SapformServiceLoginAop - 未进行元宝单点登录！
2019-07-22 10:21:55.145 [http-nio-8081-exec-3] WARN  SapformServiceLoginAop - 未进行元宝单点登录！
2019-07-22 10:21:56.584 [http-nio-8081-exec-6] WARN  SapformServiceLoginAop - 未进行元宝单点登录！
2019-07-22 10:32:24.850 [http-nio-8081-exec-7] WARN  SapformServiceLoginAop - 未进行元宝单点登录！
2019-07-22 10:32:24.948 [http-nio-8081-exec-1] WARN  SapformServiceLoginAop - 未进行元宝单点登录！
2019-07-22 10:32:24.978 [http-nio-8081-exec-8] WARN  SapformServiceLoginAop - 未进行元宝单点登录！
2019-07-22 10:32:41.422 [http-nio-8081-exec-4] WARN  SapformServiceLoginAop - 未进行元宝单点登录！
2019-07-22 10:32:41.736 [http-nio-8081-exec-5] WARN  SapformServiceLoginAop - 未进行元宝单点登录！
2019-07-22 10:32:42.159 [http-nio-8081-exec-9] WARN  SapformServiceLoginAop - 未进行元宝单点登录！
2019-07-22 10:32:43.718 [http-nio-8081-exec-2] WARN  SapformServiceLoginAop - 未进行元宝单点登录！
2019-07-22 10:32:43.720 [http-nio-8081-exec-10] WARN  SapformServiceLoginAop - 未进行元宝单点登录！
2019-07-22 10:32:43.726 [http-nio-8081-exec-3] WARN  SapformServiceLoginAop - 未进行元宝单点登录！
2019-07-22 10:32:44.035 [http-nio-8081-exec-6] WARN  SapformServiceLoginAop - 未进行元宝单点登录！
2019-07-22 10:32:44.398 [http-nio-8081-exec-7] WARN  SapformServiceLoginAop - 未进行元宝单点登录！
2019-07-22 10:33:01.214 [http-nio-8081-exec-1] WARN  SapformServiceLoginAop - 未进行元宝单点登录！
2019-07-22 10:33:35.652 [http-nio-8081-exec-8] WARN  SapformServiceLoginAop - 未进行元宝单点登录！
2019-07-22 10:33:36.003 [http-nio-8081-exec-4] WARN  SapformServiceLoginAop - 未进行元宝单点登录！
2019-07-22 10:33:36.551 [http-nio-8081-exec-5] WARN  SapformServiceLoginAop - 未进行元宝单点登录！
2019-07-22 10:33:37.432 [http-nio-8081-exec-9] WARN  SapformServiceLoginAop - 未进行元宝单点登录！
2019-07-22 10:33:37.432 [http-nio-8081-exec-2] WARN  SapformServiceLoginAop - 未进行元宝单点登录！
2019-07-22 10:33:37.437 [http-nio-8081-exec-6] WARN  SapformServiceLoginAop - 未进行元宝单点登录！
2019-07-22 10:33:37.751 [http-nio-8081-exec-3] WARN  SapformServiceLoginAop - 未进行元宝单点登录！
2019-07-22 10:33:38.138 [http-nio-8081-exec-7] WARN  SapformServiceLoginAop - 未进行元宝单点登录！
2019-07-22 10:33:39.238 [http-nio-8081-exec-10] WARN  SapformServiceLoginAop - 未进行元宝单点登录！
2019-07-22 10:33:39.246 [http-nio-8081-exec-1] WARN  SapformServiceLoginAop - 未进行元宝单点登录！
2019-07-22 10:33:39.615 [http-nio-8081-exec-8] WARN  SapformServiceLoginAop - 未进行元宝单点登录！
2019-07-22 10:33:41.285 [http-nio-8081-exec-4] WARN  SapformServiceLoginAop - 未进行元宝单点登录！
2019-07-22 10:33:43.979 [http-nio-8081-exec-5] WARN  SapformServiceLoginAop - 未进行元宝单点登录！
2019-07-22 10:33:45.152 [http-nio-8081-exec-2] WARN  SapformServiceLoginAop - 未进行元宝单点登录！
2019-07-22 10:33:45.406 [http-nio-8081-exec-3] WARN  SapformServiceLoginAop - 未进行元宝单点登录！
2019-07-22 10:33:46.937 [http-nio-8081-exec-6] WARN  SapformServiceLoginAop - 未进行元宝单点登录！
2019-07-22 15:33:47.223 [DiscoveryClient-CacheRefreshExecutor-0] WARN  RetryableEurekaHttpClient - Request execution failed with message: java.net.NoRouteToHostException: No route to host: connect
2019-07-22 15:33:47.257 [DiscoveryClient-CacheRefreshExecutor-0] WARN  RetryableEurekaHttpClient - Request execution failed with message: java.net.NoRouteToHostException: No route to host: connect
2019-07-22 15:33:50.633 [DiscoveryClient-HeartbeatExecutor-0] WARN  RetryableEurekaHttpClient - Request execution failed with message: java.net.SocketException: Connection reset
