2019-07-11 09:12:46.667 [main] WARN  ClassPathMapperScanner - No MyBatis mapper was found in '[com.bgy.*.*.dao]' package. Please check your configuration.
2019-07-11 09:12:46.668 [main] WARN  ConfigurationClassPostProcessor - Cannot enhance @Configuration bean definition 'tkMybatisConfig' since its singleton instance has been created too early. The typical cause is a non-static @Bean method with a BeanDefinitionRegistryPostProcessor return type: Consider declaring such methods as 'static'.
2019-07-11 09:12:54.051 [main] WARN  AutowiredAnnotationBeanPostProcessor - Autowired annotation is not supported on static fields: private static java.lang.String com.bgy.ofa.sapformservice.controller.SapformZtCustoCenterController.soaUser
2019-07-11 09:12:58.130 [main] WARN  URLConfigurationSource - No URLs will be polled as dynamic configuration sources.
2019-07-11 09:12:58.136 [main] WARN  URLConfigurationSource - No URLs will be polled as dynamic configuration sources.
2019-07-11 09:12:59.721 [main] WARN  EurekaServerStarterDeprecationWarningAutoConfiguration - spring-cloud-starter-eureka-server is deprecated as of Spring Cloud Netflix 1.4.0, please migrate to spring-cloud-starter-netflix-eureka-server
2019-07-11 09:15:52.423 [http-nio-8081-exec-1] WARN  SapformServiceLoginAop - 未进行元宝单点登录！
2019-07-11 09:15:52.522 [http-nio-8081-exec-2] WARN  SapformServiceLoginAop - 未进行元宝单点登录！
2019-07-11 09:16:31.910 [http-nio-8081-exec-4] WARN  SapformServiceLoginAop - 未进行元宝单点登录！
2019-07-11 09:16:31.954 [http-nio-8081-exec-10] WARN  SapformServiceLoginAop - 未进行元宝单点登录！
2019-07-11 09:17:02.440 [http-nio-8081-exec-9] WARN  SapformServiceLoginAop - 未进行元宝单点登录！
2019-07-11 09:17:02.749 [http-nio-8081-exec-8] WARN  SapformServiceLoginAop - 未进行元宝单点登录！
2019-07-11 09:17:25.691 [http-nio-8081-exec-3] WARN  SapformServiceLoginAop - 未进行元宝单点登录！
2019-07-11 09:17:29.174 [http-nio-8081-exec-5] WARN  SapformServiceLoginAop - 未进行元宝单点登录！
2019-07-11 09:17:46.124 [http-nio-8081-exec-7] WARN  SapformServiceLoginAop - 未进行元宝单点登录！
2019-07-11 09:17:46.437 [http-nio-8081-exec-6] WARN  SapformServiceLoginAop - 未进行元宝单点登录！
2019-07-11 09:19:08.595 [http-nio-8081-exec-2] WARN  SapformServiceLoginAop - 未进行元宝单点登录！
2019-07-11 09:19:11.355 [http-nio-8081-exec-1] WARN  SapformServiceLoginAop - 未进行元宝单点登录！
2019-07-11 09:19:25.311 [http-nio-8081-exec-4] WARN  SapformServiceLoginAop - 未进行元宝单点登录！
2019-07-11 09:19:25.614 [http-nio-8081-exec-10] WARN  SapformServiceLoginAop - 未进行元宝单点登录！
2019-07-11 09:19:32.313 [http-nio-8081-exec-9] WARN  SapformServiceLoginAop - 未进行元宝单点登录！
2019-07-11 09:20:04.483 [http-nio-8081-exec-8] WARN  SapformServiceLoginAop - 未进行元宝单点登录！
2019-07-11 09:20:04.792 [http-nio-8081-exec-3] WARN  SapformServiceLoginAop - 未进行元宝单点登录！
2019-07-11 09:22:43.359 [http-nio-8081-exec-5] WARN  SapformServiceLoginAop - 未进行元宝单点登录！
2019-07-11 09:22:49.351 [http-nio-8081-exec-7] WARN  SapformServiceLoginAop - 未进行元宝单点登录！
2019-07-11 09:22:58.121 [http-nio-8081-exec-6] WARN  SapformServiceLoginAop - 未进行元宝单点登录！
2019-07-11 09:35:24.880 [http-nio-8081-exec-2] WARN  SapformServiceLoginAop - 未进行元宝单点登录！
2019-07-11 09:35:27.899 [http-nio-8081-exec-1] WARN  SapformServiceLoginAop - 未进行元宝单点登录！
2019-07-11 09:35:29.487 [http-nio-8081-exec-4] WARN  SapformServiceLoginAop - 未进行元宝单点登录！
2019-07-11 09:35:29.798 [http-nio-8081-exec-10] WARN  SapformServiceLoginAop - 未进行元宝单点登录！
2019-07-11 09:44:41.617 [http-nio-8081-exec-9] WARN  SapformServiceLoginAop - 未进行元宝单点登录！
2019-07-11 09:45:24.303 [http-nio-8081-exec-8] WARN  SapformServiceLoginAop - 未进行元宝单点登录！
2019-07-11 09:49:02.660 [http-nio-8081-exec-3] WARN  SapformServiceLoginAop - 未进行元宝单点登录！
2019-07-11 09:49:30.893 [http-nio-8081-exec-5] WARN  SapformServiceLoginAop - 未进行元宝单点登录！
2019-07-11 09:50:23.655 [http-nio-8081-exec-7] WARN  SapformServiceLoginAop - 未进行元宝单点登录！
2019-07-11 09:59:03.288 [http-nio-8081-exec-6] WARN  SapformServiceLoginAop - 未进行元宝单点登录！
2019-07-11 10:02:45.889 [http-nio-8081-exec-2] WARN  SapformServiceLoginAop - 未进行元宝单点登录！
2019-07-11 10:04:40.679 [http-nio-8081-exec-1] WARN  SapformServiceLoginAop - 未进行元宝单点登录！
2019-07-11 10:04:43.259 [http-nio-8081-exec-4] WARN  SapformServiceLoginAop - 未进行元宝单点登录！
2019-07-11 10:05:30.093 [http-nio-8081-exec-10] WARN  SapformServiceLoginAop - 未进行元宝单点登录！
2019-07-11 10:12:19.847 [http-nio-8081-exec-9] WARN  SapformServiceLoginAop - 未进行元宝单点登录！
2019-07-11 10:12:40.156 [http-nio-8081-exec-8] WARN  SapformServiceLoginAop - 未进行元宝单点登录！
2019-07-11 10:29:34.935 [http-nio-8081-exec-3] WARN  SapformServiceLoginAop - 未进行元宝单点登录！
2019-07-11 10:29:36.126 [http-nio-8081-exec-5] WARN  SapformServiceLoginAop - 未进行元宝单点登录！
2019-07-11 10:34:12.584 [http-nio-8081-exec-7] WARN  SapformServiceLoginAop - 未进行元宝单点登录！
2019-07-11 10:35:16.460 [http-nio-8081-exec-6] WARN  SapformServiceLoginAop - 未进行元宝单点登录！
2019-07-11 10:35:18.499 [http-nio-8081-exec-2] WARN  SapformServiceLoginAop - 未进行元宝单点登录！
2019-07-11 10:35:23.932 [http-nio-8081-exec-1] WARN  SapformServiceLoginAop - 未进行元宝单点登录！
2019-07-11 10:35:27.720 [http-nio-8081-exec-4] WARN  SapformServiceLoginAop - 未进行元宝单点登录！
2019-07-11 10:35:37.084 [http-nio-8081-exec-10] WARN  SapformServiceLoginAop - 未进行元宝单点登录！
2019-07-11 10:35:41.521 [http-nio-8081-exec-9] WARN  SapformServiceLoginAop - 未进行元宝单点登录！
2019-07-11 10:49:05.501 [http-nio-8081-exec-8] WARN  SapformServiceLoginAop - 未进行元宝单点登录！
2019-07-11 10:49:05.810 [http-nio-8081-exec-3] WARN  SapformServiceLoginAop - 未进行元宝单点登录！
2019-07-11 11:29:04.586 [http-nio-8081-exec-5] WARN  SapformServiceLoginAop - 未进行元宝单点登录！
2019-07-11 11:29:07.208 [http-nio-8081-exec-7] WARN  SapformServiceLoginAop - 未进行元宝单点登录！
2019-07-11 11:29:31.690 [http-nio-8081-exec-6] WARN  SapformServiceLoginAop - 未进行元宝单点登录！
2019-07-11 11:29:31.999 [http-nio-8081-exec-2] WARN  SapformServiceLoginAop - 未进行元宝单点登录！
2019-07-11 11:47:22.349 [http-nio-8081-exec-1] WARN  SapformServiceLoginAop - 未进行元宝单点登录！
2019-07-11 11:47:27.954 [http-nio-8081-exec-4] WARN  SapformServiceLoginAop - 未进行元宝单点登录！
2019-07-11 14:19:33.772 [http-nio-8081-exec-10] WARN  SapformServiceLoginAop - 未进行元宝单点登录！
2019-07-11 14:19:52.362 [http-nio-8081-exec-9] WARN  SapformServiceLoginAop - 未进行元宝单点登录！
2019-07-11 14:19:52.669 [http-nio-8081-exec-8] WARN  SapformServiceLoginAop - 未进行元宝单点登录！
2019-07-11 14:21:16.778 [http-nio-8081-exec-3] WARN  SapformServiceLoginAop - 未进行元宝单点登录！
2019-07-11 14:21:20.051 [http-nio-8081-exec-5] WARN  SapformServiceLoginAop - 未进行元宝单点登录！
2019-07-11 14:26:35.022 [http-nio-8081-exec-7] WARN  SapformServiceLoginAop - 未进行元宝单点登录！
2019-07-11 14:26:35.355 [http-nio-8081-exec-6] WARN  SapformServiceLoginAop - 未进行元宝单点登录！
2019-07-11 14:26:46.105 [http-nio-8081-exec-2] WARN  SapformServiceLoginAop - 未进行元宝单点登录！
2019-07-11 14:26:48.905 [http-nio-8081-exec-1] WARN  SapformServiceLoginAop - 未进行元宝单点登录！
2019-07-11 14:26:48.917 [http-nio-8081-exec-4] WARN  SapformServiceLoginAop - 未进行元宝单点登录！
2019-07-11 14:26:49.818 [http-nio-8081-exec-10] WARN  SapformServiceLoginAop - 未进行元宝单点登录！
2019-07-11 14:26:58.412 [http-nio-8081-exec-9] WARN  SapformServiceLoginAop - 未进行元宝单点登录！
2019-07-11 14:27:01.456 [http-nio-8081-exec-8] WARN  SapformServiceLoginAop - 未进行元宝单点登录！
2019-07-11 14:27:03.715 [http-nio-8081-exec-3] WARN  SapformServiceLoginAop - 未进行元宝单点登录！
2019-07-11 14:27:04.025 [http-nio-8081-exec-5] WARN  SapformServiceLoginAop - 未进行元宝单点登录！
2019-07-11 14:38:11.134 [http-nio-8081-exec-7] WARN  SapformServiceLoginAop - 未进行元宝单点登录！
2019-07-11 14:40:20.397 [http-nio-8081-exec-6] WARN  SapformServiceLoginAop - 未进行元宝单点登录！
2019-07-11 14:43:27.098 [http-nio-8081-exec-2] WARN  SapformServiceLoginAop - 未进行元宝单点登录！
2019-07-11 14:45:03.571 [http-nio-8081-exec-1] WARN  SapformServiceLoginAop - 未进行元宝单点登录！
2019-07-11 14:45:06.766 [http-nio-8081-exec-4] WARN  SapformServiceLoginAop - 未进行元宝单点登录！
2019-07-11 14:45:12.387 [http-nio-8081-exec-10] WARN  SapformServiceLoginAop - 未进行元宝单点登录！
2019-07-11 14:45:15.056 [http-nio-8081-exec-9] WARN  SapformServiceLoginAop - 未进行元宝单点登录！
2019-07-11 14:45:21.742 [http-nio-8081-exec-8] WARN  SapformServiceLoginAop - 未进行元宝单点登录！
2019-07-11 14:45:25.940 [http-nio-8081-exec-3] WARN  SapformServiceLoginAop - 未进行元宝单点登录！
2019-07-11 14:45:26.255 [http-nio-8081-exec-5] WARN  SapformServiceLoginAop - 未进行元宝单点登录！
2019-07-11 14:50:17.802 [http-nio-8081-exec-7] WARN  SapformServiceLoginAop - 未进行元宝单点登录！
2019-07-11 14:55:21.333 [http-nio-8081-exec-6] WARN  SapformServiceLoginAop - 未进行元宝单点登录！
2019-07-11 14:56:14.540 [main] WARN  ClassPathMapperScanner - No MyBatis mapper was found in '[com.bgy.*.*.dao]' package. Please check your configuration.
2019-07-11 14:56:14.545 [main] WARN  ConfigurationClassPostProcessor - Cannot enhance @Configuration bean definition 'tkMybatisConfig' since its singleton instance has been created too early. The typical cause is a non-static @Bean method with a BeanDefinitionRegistryPostProcessor return type: Consider declaring such methods as 'static'.
2019-07-11 14:56:20.798 [main] WARN  AutowiredAnnotationBeanPostProcessor - Autowired annotation is not supported on static fields: private static java.lang.String com.bgy.ofa.sapformservice.controller.SapformZtCustoCenterController.soaUser
2019-07-11 14:56:24.701 [main] WARN  URLConfigurationSource - No URLs will be polled as dynamic configuration sources.
2019-07-11 14:56:24.706 [main] WARN  URLConfigurationSource - No URLs will be polled as dynamic configuration sources.
2019-07-11 14:56:26.158 [main] WARN  EurekaServerStarterDeprecationWarningAutoConfiguration - spring-cloud-starter-eureka-server is deprecated as of Spring Cloud Netflix 1.4.0, please migrate to spring-cloud-starter-netflix-eureka-server
2019-07-11 14:56:54.112 [http-nio-8081-exec-1] WARN  SapformServiceLoginAop - 未进行元宝单点登录！
2019-07-11 14:57:14.362 [http-nio-8081-exec-2] WARN  SapformServiceLoginAop - 未进行元宝单点登录！
2019-07-11 14:57:21.546 [http-nio-8081-exec-3] WARN  SapformServiceLoginAop - 未进行元宝单点登录！
2019-07-11 14:58:39.974 [http-nio-8081-exec-4] WARN  SapformServiceLoginAop - 未进行元宝单点登录！
2019-07-11 15:02:47.936 [http-nio-8081-exec-5] WARN  SapformServiceLoginAop - 未进行元宝单点登录！
2019-07-11 15:08:03.288 [main] WARN  ClassPathMapperScanner - No MyBatis mapper was found in '[com.bgy.*.*.dao]' package. Please check your configuration.
2019-07-11 15:08:03.295 [main] WARN  ConfigurationClassPostProcessor - Cannot enhance @Configuration bean definition 'tkMybatisConfig' since its singleton instance has been created too early. The typical cause is a non-static @Bean method with a BeanDefinitionRegistryPostProcessor return type: Consider declaring such methods as 'static'.
2019-07-11 15:08:09.548 [main] WARN  AutowiredAnnotationBeanPostProcessor - Autowired annotation is not supported on static fields: private static java.lang.String com.bgy.ofa.sapformservice.controller.SapformZtCustoCenterController.soaUser
2019-07-11 15:08:14.856 [main] WARN  URLConfigurationSource - No URLs will be polled as dynamic configuration sources.
2019-07-11 15:08:14.874 [main] WARN  URLConfigurationSource - No URLs will be polled as dynamic configuration sources.
2019-07-11 15:08:18.411 [main] WARN  EurekaServerStarterDeprecationWarningAutoConfiguration - spring-cloud-starter-eureka-server is deprecated as of Spring Cloud Netflix 1.4.0, please migrate to spring-cloud-starter-netflix-eureka-server
2019-07-11 15:09:20.081 [http-nio-8081-exec-1] WARN  SapformServiceLoginAop - 未进行元宝单点登录！
2019-07-11 15:09:20.145 [http-nio-8081-exec-2] WARN  SapformServiceLoginAop - 未进行元宝单点登录！
2019-07-11 15:13:23.101 [http-nio-8081-exec-4] WARN  SapformServiceLoginAop - 未进行元宝单点登录！
2019-07-11 15:13:27.885 [http-nio-8081-exec-3] WARN  SapformServiceLoginAop - 未进行元宝单点登录！
2019-07-11 15:13:47.142 [http-nio-8081-exec-5] WARN  SapformServiceLoginAop - 未进行元宝单点登录！
2019-07-11 15:13:47.451 [http-nio-8081-exec-6] WARN  SapformServiceLoginAop - 未进行元宝单点登录！
2019-07-11 15:13:52.301 [http-nio-8081-exec-7] WARN  SapformServiceLoginAop - 未进行元宝单点登录！
2019-07-11 15:19:53.924 [http-nio-8081-exec-8] WARN  SapformServiceLoginAop - 未进行元宝单点登录！
2019-07-11 15:20:06.924 [http-nio-8081-exec-9] WARN  SapformServiceLoginAop - 未进行元宝单点登录！
2019-07-11 15:20:10.494 [http-nio-8081-exec-10] WARN  SapformServiceLoginAop - 未进行元宝单点登录！
2019-07-11 15:20:58.863 [http-nio-8081-exec-2] WARN  SapformServiceLoginAop - 未进行元宝单点登录！
2019-07-11 15:21:02.782 [http-nio-8081-exec-1] WARN  SapformServiceLoginAop - 未进行元宝单点登录！
2019-07-11 15:21:45.387 [http-nio-8081-exec-4] WARN  SapformServiceLoginAop - 未进行元宝单点登录！
2019-07-11 15:21:48.351 [http-nio-8081-exec-3] WARN  SapformServiceLoginAop - 未进行元宝单点登录！
2019-07-11 15:29:39.690 [http-nio-8081-exec-5] WARN  SapformServiceLoginAop - 未进行元宝单点登录！
2019-07-11 15:29:39.995 [http-nio-8081-exec-6] WARN  SapformServiceLoginAop - 未进行元宝单点登录！
2019-07-11 15:29:47.971 [http-nio-8081-exec-7] WARN  SapformServiceLoginAop - 未进行元宝单点登录！
2019-07-11 15:29:50.722 [http-nio-8081-exec-8] WARN  SapformServiceLoginAop - 未进行元宝单点登录！
2019-07-11 15:29:53.950 [http-nio-8081-exec-9] WARN  SapformServiceLoginAop - 未进行元宝单点登录！
2019-07-11 15:31:19.563 [http-nio-8081-exec-10] WARN  SapformServiceLoginAop - 未进行元宝单点登录！
2019-07-11 15:31:21.050 [http-nio-8081-exec-2] WARN  SapformServiceLoginAop - 未进行元宝单点登录！
2019-07-11 15:31:22.379 [http-nio-8081-exec-1] WARN  SapformServiceLoginAop - 未进行元宝单点登录！
2019-07-11 15:31:22.989 [http-nio-8081-exec-4] WARN  SapformServiceLoginAop - 未进行元宝单点登录！
2019-07-11 15:31:23.849 [http-nio-8081-exec-3] WARN  SapformServiceLoginAop - 未进行元宝单点登录！
2019-07-11 15:31:24.463 [http-nio-8081-exec-5] WARN  SapformServiceLoginAop - 未进行元宝单点登录！
2019-07-11 15:31:31.050 [http-nio-8081-exec-6] WARN  SapformServiceLoginAop - 未进行元宝单点登录！
2019-07-11 15:31:41.331 [http-nio-8081-exec-7] WARN  SapformServiceLoginAop - 未进行元宝单点登录！
2019-07-11 15:31:41.639 [http-nio-8081-exec-8] WARN  SapformServiceLoginAop - 未进行元宝单点登录！
2019-07-11 15:31:45.383 [http-nio-8081-exec-9] WARN  SapformServiceLoginAop - 未进行元宝单点登录！
2019-07-11 15:31:48.090 [http-nio-8081-exec-10] WARN  SapformServiceLoginAop - 未进行元宝单点登录！
2019-07-11 15:31:58.173 [http-nio-8081-exec-2] WARN  SapformServiceLoginAop - 未进行元宝单点登录！
2019-07-11 15:32:00.226 [http-nio-8081-exec-1] WARN  SapformServiceLoginAop - 未进行元宝单点登录！
2019-07-11 15:32:07.290 [http-nio-8081-exec-4] WARN  SapformServiceLoginAop - 未进行元宝单点登录！
2019-07-11 15:32:08.454 [http-nio-8081-exec-3] WARN  SapformServiceLoginAop - 未进行元宝单点登录！
2019-07-11 15:32:17.067 [http-nio-8081-exec-5] WARN  SapformServiceLoginAop - 未进行元宝单点登录！
2019-07-11 15:32:17.377 [http-nio-8081-exec-6] WARN  SapformServiceLoginAop - 未进行元宝单点登录！
2019-07-11 15:33:34.647 [http-nio-8081-exec-7] WARN  SapformServiceLoginAop - 未进行元宝单点登录！
2019-07-11 15:34:44.529 [http-nio-8081-exec-8] WARN  SapformServiceLoginAop - 未进行元宝单点登录！
2019-07-11 15:38:39.774 [http-nio-8081-exec-9] WARN  SapformServiceLoginAop - 未进行元宝单点登录！
2019-07-11 15:43:05.844 [DiscoveryClient-HeartbeatExecutor-2] WARN  RetryableEurekaHttpClient - Request execution failed with message: org.apache.http.NoHttpResponseException: 10.10.179.198:8761 failed to respond
2019-07-11 15:43:05.855 [http-nio-8081-exec-8] WARN  ExceptionHandlerExceptionResolver - Failed to invoke @ExceptionHandler method: public java.lang.String com.bgy.ofa.utils.exception.GlobalExceptionHandler.handleException(java.lang.Exception)
org.apache.catalina.connector.ClientAbortException: java.io.IOException: 你的主机中的软件中止了一个已建立的连接。
	at org.apache.catalina.connector.OutputBuffer.realWriteBytes(OutputBuffer.java:356)
	at org.apache.catalina.connector.OutputBuffer.flushByteBuffer(OutputBuffer.java:815)
	at org.apache.catalina.connector.OutputBuffer.append(OutputBuffer.java:720)
	at org.apache.catalina.connector.OutputBuffer.writeBytes(OutputBuffer.java:391)
	at org.apache.catalina.connector.OutputBuffer.write(OutputBuffer.java:369)
	at org.apache.catalina.connector.CoyoteOutputStream.write(CoyoteOutputStream.java:96)
	at sun.nio.cs.StreamEncoder.writeBytes(StreamEncoder.java:221)
	at sun.nio.cs.StreamEncoder.implFlushBuffer(StreamEncoder.java:291)
	at sun.nio.cs.StreamEncoder.implFlush(StreamEncoder.java:295)
	at sun.nio.cs.StreamEncoder.flush(StreamEncoder.java:141)
	at java.io.OutputStreamWriter.flush(OutputStreamWriter.java:229)
	at org.springframework.util.StreamUtils.copy(StreamUtils.java:119)
	at org.springframework.http.converter.StringHttpMessageConverter.writeInternal(StringHttpMessageConverter.java:106)
	at org.springframework.http.converter.StringHttpMessageConverter.writeInternal(StringHttpMessageConverter.java:41)
	at org.springframework.http.converter.AbstractHttpMessageConverter.write(AbstractHttpMessageConverter.java:226)
	at org.springframework.web.servlet.mvc.method.annotation.AbstractMessageConverterMethodProcessor.writeWithMessageConverters(AbstractMessageConverterMethodProcessor.java:247)
	at org.springframework.web.servlet.mvc.method.annotation.RequestResponseBodyMethodProcessor.handleReturnValue(RequestResponseBodyMethodProcessor.java:174)
	at org.springframework.web.method.support.HandlerMethodReturnValueHandlerComposite.handleReturnValue(HandlerMethodReturnValueHandlerComposite.java:81)
	at org.springframework.web.servlet.mvc.method.annotation.ServletInvocableHandlerMethod.invokeAndHandle(ServletInvocableHandlerMethod.java:113)
	at org.springframework.web.servlet.mvc.method.annotation.ExceptionHandlerExceptionResolver.doResolveHandlerMethodException(ExceptionHandlerExceptionResolver.java:381)
	at org.springframework.web.servlet.handler.AbstractHandlerMethodExceptionResolver.doResolveException(AbstractHandlerMethodExceptionResolver.java:59)
	at org.springframework.web.servlet.handler.AbstractHandlerExceptionResolver.resolveException(AbstractHandlerExceptionResolver.java:136)
	at org.springframework.web.servlet.handler.HandlerExceptionResolverComposite.resolveException(HandlerExceptionResolverComposite.java:76)
	at org.springframework.web.servlet.DispatcherServlet.processHandlerException(DispatcherServlet.java:1222)
	at org.springframework.web.servlet.DispatcherServlet.processDispatchResult(DispatcherServlet.java:1034)
	at org.springframework.web.servlet.DispatcherServlet.doDispatch(DispatcherServlet.java:984)
	at org.springframework.web.servlet.DispatcherServlet.doService(DispatcherServlet.java:901)
	at org.springframework.web.servlet.FrameworkServlet.processRequest(FrameworkServlet.java:970)
	at org.springframework.web.servlet.FrameworkServlet.doPost(FrameworkServlet.java:872)
	at javax.servlet.http.HttpServlet.service(HttpServlet.java:661)
	at org.springframework.web.servlet.FrameworkServlet.service(FrameworkServlet.java:846)
	at javax.servlet.http.HttpServlet.service(HttpServlet.java:742)
	at org.apache.catalina.core.ApplicationFilterChain.internalDoFilter(ApplicationFilterChain.java:231)
	at org.apache.catalina.core.ApplicationFilterChain.doFilter(ApplicationFilterChain.java:166)
	at org.apache.tomcat.websocket.server.WsFilter.doFilter(WsFilter.java:52)
	at org.apache.catalina.core.ApplicationFilterChain.internalDoFilter(ApplicationFilterChain.java:193)
	at org.apache.catalina.core.ApplicationFilterChain.doFilter(ApplicationFilterChain.java:166)
	at org.springframework.boot.web.filter.ApplicationContextHeaderFilter.doFilterInternal(ApplicationContextHeaderFilter.java:55)
	at org.springframework.web.filter.OncePerRequestFilter.doFilter(OncePerRequestFilter.java:107)
	at org.apache.catalina.core.ApplicationFilterChain.internalDoFilter(ApplicationFilterChain.java:193)
	at org.apache.catalina.core.ApplicationFilterChain.doFilter(ApplicationFilterChain.java:166)
	at com.alibaba.druid.support.http.WebStatFilter.doFilter(WebStatFilter.java:123)
	at org.apache.catalina.core.ApplicationFilterChain.internalDoFilter(ApplicationFilterChain.java:193)
	at org.apache.catalina.core.ApplicationFilterChain.doFilter(ApplicationFilterChain.java:166)
	at com.bgy.ofa.sapformservice.config.EKPSSOClientAuthenticationFilter.doFilter(EKPSSOClientAuthenticationFilter.java:46)
	at org.apache.catalina.core.ApplicationFilterChain.internalDoFilter(ApplicationFilterChain.java:193)
	at org.apache.catalina.core.ApplicationFilterChain.doFilter(ApplicationFilterChain.java:166)
	at com.landray.sso.client.EKPSSOClient.doFilter(EKPSSOClient.java:126)
	at com.bgy.ofa.sapformservice.config.EKPSSOClientFilter.doFilter(EKPSSOClientFilter.java:35)
	at org.apache.catalina.core.ApplicationFilterChain.internalDoFilter(ApplicationFilterChain.java:193)
	at org.apache.catalina.core.ApplicationFilterChain.doFilter(ApplicationFilterChain.java:166)
	at org.springframework.boot.actuate.trace.WebRequestTraceFilter.doFilterInternal(WebRequestTraceFilter.java:111)
	at org.springframework.web.filter.OncePerRequestFilter.doFilter(OncePerRequestFilter.java:107)
	at org.apache.catalina.core.ApplicationFilterChain.internalDoFilter(ApplicationFilterChain.java:193)
	at org.apache.catalina.core.ApplicationFilterChain.doFilter(ApplicationFilterChain.java:166)
	at org.springframework.web.filter.RequestContextFilter.doFilterInternal(RequestContextFilter.java:99)
	at org.springframework.web.filter.OncePerRequestFilter.doFilter(OncePerRequestFilter.java:107)
	at org.apache.catalina.core.ApplicationFilterChain.internalDoFilter(ApplicationFilterChain.java:193)
	at org.apache.catalina.core.ApplicationFilterChain.doFilter(ApplicationFilterChain.java:166)
	at org.springframework.web.filter.HttpPutFormContentFilter.doFilterInternal(HttpPutFormContentFilter.java:109)
	at org.springframework.web.filter.OncePerRequestFilter.doFilter(OncePerRequestFilter.java:107)
	at org.apache.catalina.core.ApplicationFilterChain.internalDoFilter(ApplicationFilterChain.java:193)
	at org.apache.catalina.core.ApplicationFilterChain.doFilter(ApplicationFilterChain.java:166)
	at org.springframework.web.filter.HiddenHttpMethodFilter.doFilterInternal(HiddenHttpMethodFilter.java:81)
	at org.springframework.web.filter.OncePerRequestFilter.doFilter(OncePerRequestFilter.java:107)
	at org.apache.catalina.core.ApplicationFilterChain.internalDoFilter(ApplicationFilterChain.java:193)
	at org.apache.catalina.core.ApplicationFilterChain.doFilter(ApplicationFilterChain.java:166)
	at org.springframework.web.filter.CharacterEncodingFilter.doFilterInternal(CharacterEncodingFilter.java:197)
	at org.springframework.web.filter.OncePerRequestFilter.doFilter(OncePerRequestFilter.java:107)
	at org.apache.catalina.core.ApplicationFilterChain.internalDoFilter(ApplicationFilterChain.java:193)
	at org.apache.catalina.core.ApplicationFilterChain.doFilter(ApplicationFilterChain.java:166)
	at org.springframework.boot.actuate.autoconfigure.MetricsFilter.doFilterInternal(MetricsFilter.java:106)
	at org.springframework.web.filter.OncePerRequestFilter.doFilter(OncePerRequestFilter.java:107)
	at org.apache.catalina.core.ApplicationFilterChain.internalDoFilter(ApplicationFilterChain.java:193)
	at org.apache.catalina.core.ApplicationFilterChain.doFilter(ApplicationFilterChain.java:166)
	at org.apache.catalina.core.StandardWrapperValve.invoke(StandardWrapperValve.java:198)
	at org.apache.catalina.core.StandardContextValve.invoke(StandardContextValve.java:96)
	at org.apache.catalina.authenticator.AuthenticatorBase.invoke(AuthenticatorBase.java:496)
	at org.apache.catalina.core.StandardHostValve.invoke(StandardHostValve.java:140)
	at org.apache.catalina.valves.ErrorReportValve.invoke(ErrorReportValve.java:81)
	at org.apache.catalina.core.StandardEngineValve.invoke(StandardEngineValve.java:87)
	at org.apache.catalina.connector.CoyoteAdapter.service(CoyoteAdapter.java:342)
	at org.apache.coyote.http11.Http11Processor.service(Http11Processor.java:803)
	at org.apache.coyote.AbstractProcessorLight.process(AbstractProcessorLight.java:66)
	at org.apache.coyote.AbstractProtocol$ConnectionHandler.process(AbstractProtocol.java:790)
	at org.apache.tomcat.util.net.NioEndpoint$SocketProcessor.doRun(NioEndpoint.java:1459)
	at org.apache.tomcat.util.net.SocketProcessorBase.run(SocketProcessorBase.java:49)
	at java.util.concurrent.ThreadPoolExecutor.runWorker(ThreadPoolExecutor.java:1149)
	at java.util.concurrent.ThreadPoolExecutor$Worker.run(ThreadPoolExecutor.java:624)
	at org.apache.tomcat.util.threads.TaskThread$WrappingRunnable.run(TaskThread.java:61)
	at java.lang.Thread.run(Thread.java:748)
Caused by: java.io.IOException: 你的主机中的软件中止了一个已建立的连接。
	at sun.nio.ch.SocketDispatcher.write0(Native Method)
	at sun.nio.ch.SocketDispatcher.write(SocketDispatcher.java:51)
	at sun.nio.ch.IOUtil.writeFromNativeBuffer(IOUtil.java:93)
	at sun.nio.ch.IOUtil.write(IOUtil.java:65)
	at sun.nio.ch.SocketChannelImpl.write(SocketChannelImpl.java:471)
	at org.apache.tomcat.util.net.NioChannel.write(NioChannel.java:134)
	at org.apache.tomcat.util.net.NioBlockingSelector.write(NioBlockingSelector.java:101)
	at org.apache.tomcat.util.net.NioSelectorPool.write(NioSelectorPool.java:157)
	at org.apache.tomcat.util.net.NioEndpoint$NioSocketWrapper.doWrite(NioEndpoint.java:1267)
	at org.apache.tomcat.util.net.SocketWrapperBase.doWrite(SocketWrapperBase.java:670)
	at org.apache.tomcat.util.net.SocketWrapperBase.writeBlocking(SocketWrapperBase.java:450)
	at org.apache.tomcat.util.net.SocketWrapperBase.write(SocketWrapperBase.java:388)
	at org.apache.coyote.http11.Http11OutputBuffer$SocketOutputBuffer.doWrite(Http11OutputBuffer.java:623)
	at org.apache.coyote.http11.filters.ChunkedOutputFilter.doWrite(ChunkedOutputFilter.java:121)
	at org.apache.coyote.http11.Http11OutputBuffer.doWrite(Http11OutputBuffer.java:225)
	at org.apache.coyote.Response.doWrite(Response.java:541)
	at org.apache.catalina.connector.OutputBuffer.realWriteBytes(OutputBuffer.java:351)
	... 90 common frames omitted
2019-07-11 15:43:05.924 [http-nio-8081-exec-9] WARN  ExceptionHandlerExceptionResolver - Failed to invoke @ExceptionHandler method: public java.lang.String com.bgy.ofa.utils.exception.GlobalExceptionHandler.handleException(java.lang.Exception)
org.apache.catalina.connector.ClientAbortException: java.io.IOException: 你的主机中的软件中止了一个已建立的连接。
	at org.apache.catalina.connector.OutputBuffer.realWriteBytes(OutputBuffer.java:356)
	at org.apache.catalina.connector.OutputBuffer.flushByteBuffer(OutputBuffer.java:815)
	at org.apache.catalina.connector.OutputBuffer.append(OutputBuffer.java:720)
	at org.apache.catalina.connector.OutputBuffer.writeBytes(OutputBuffer.java:391)
	at org.apache.catalina.connector.OutputBuffer.write(OutputBuffer.java:369)
	at org.apache.catalina.connector.CoyoteOutputStream.write(CoyoteOutputStream.java:96)
	at sun.nio.cs.StreamEncoder.writeBytes(StreamEncoder.java:221)
	at sun.nio.cs.StreamEncoder.implFlushBuffer(StreamEncoder.java:291)
	at sun.nio.cs.StreamEncoder.implFlush(StreamEncoder.java:295)
	at sun.nio.cs.StreamEncoder.flush(StreamEncoder.java:141)
	at java.io.OutputStreamWriter.flush(OutputStreamWriter.java:229)
	at org.springframework.util.StreamUtils.copy(StreamUtils.java:119)
	at org.springframework.http.converter.StringHttpMessageConverter.writeInternal(StringHttpMessageConverter.java:106)
	at org.springframework.http.converter.StringHttpMessageConverter.writeInternal(StringHttpMessageConverter.java:41)
	at org.springframework.http.converter.AbstractHttpMessageConverter.write(AbstractHttpMessageConverter.java:226)
	at org.springframework.web.servlet.mvc.method.annotation.AbstractMessageConverterMethodProcessor.writeWithMessageConverters(AbstractMessageConverterMethodProcessor.java:247)
	at org.springframework.web.servlet.mvc.method.annotation.RequestResponseBodyMethodProcessor.handleReturnValue(RequestResponseBodyMethodProcessor.java:174)
	at org.springframework.web.method.support.HandlerMethodReturnValueHandlerComposite.handleReturnValue(HandlerMethodReturnValueHandlerComposite.java:81)
	at org.springframework.web.servlet.mvc.method.annotation.ServletInvocableHandlerMethod.invokeAndHandle(ServletInvocableHandlerMethod.java:113)
	at org.springframework.web.servlet.mvc.method.annotation.ExceptionHandlerExceptionResolver.doResolveHandlerMethodException(ExceptionHandlerExceptionResolver.java:381)
	at org.springframework.web.servlet.handler.AbstractHandlerMethodExceptionResolver.doResolveException(AbstractHandlerMethodExceptionResolver.java:59)
	at org.springframework.web.servlet.handler.AbstractHandlerExceptionResolver.resolveException(AbstractHandlerExceptionResolver.java:136)
	at org.springframework.web.servlet.handler.HandlerExceptionResolverComposite.resolveException(HandlerExceptionResolverComposite.java:76)
	at org.springframework.web.servlet.DispatcherServlet.processHandlerException(DispatcherServlet.java:1222)
	at org.springframework.web.servlet.DispatcherServlet.processDispatchResult(DispatcherServlet.java:1034)
	at org.springframework.web.servlet.DispatcherServlet.doDispatch(DispatcherServlet.java:984)
	at org.springframework.web.servlet.DispatcherServlet.doService(DispatcherServlet.java:901)
	at org.springframework.web.servlet.FrameworkServlet.processRequest(FrameworkServlet.java:970)
	at org.springframework.web.servlet.FrameworkServlet.doPost(FrameworkServlet.java:872)
	at javax.servlet.http.HttpServlet.service(HttpServlet.java:661)
	at org.springframework.web.servlet.FrameworkServlet.service(FrameworkServlet.java:846)
	at javax.servlet.http.HttpServlet.service(HttpServlet.java:742)
	at org.apache.catalina.core.ApplicationFilterChain.internalDoFilter(ApplicationFilterChain.java:231)
	at org.apache.catalina.core.ApplicationFilterChain.doFilter(ApplicationFilterChain.java:166)
	at org.apache.tomcat.websocket.server.WsFilter.doFilter(WsFilter.java:52)
	at org.apache.catalina.core.ApplicationFilterChain.internalDoFilter(ApplicationFilterChain.java:193)
	at org.apache.catalina.core.ApplicationFilterChain.doFilter(ApplicationFilterChain.java:166)
	at org.springframework.boot.web.filter.ApplicationContextHeaderFilter.doFilterInternal(ApplicationContextHeaderFilter.java:55)
	at org.springframework.web.filter.OncePerRequestFilter.doFilter(OncePerRequestFilter.java:107)
	at org.apache.catalina.core.ApplicationFilterChain.internalDoFilter(ApplicationFilterChain.java:193)
	at org.apache.catalina.core.ApplicationFilterChain.doFilter(ApplicationFilterChain.java:166)
	at com.alibaba.druid.support.http.WebStatFilter.doFilter(WebStatFilter.java:123)
	at org.apache.catalina.core.ApplicationFilterChain.internalDoFilter(ApplicationFilterChain.java:193)
	at org.apache.catalina.core.ApplicationFilterChain.doFilter(ApplicationFilterChain.java:166)
	at com.bgy.ofa.sapformservice.config.EKPSSOClientAuthenticationFilter.doFilter(EKPSSOClientAuthenticationFilter.java:46)
	at org.apache.catalina.core.ApplicationFilterChain.internalDoFilter(ApplicationFilterChain.java:193)
	at org.apache.catalina.core.ApplicationFilterChain.doFilter(ApplicationFilterChain.java:166)
	at com.landray.sso.client.EKPSSOClient.doFilter(EKPSSOClient.java:126)
	at com.bgy.ofa.sapformservice.config.EKPSSOClientFilter.doFilter(EKPSSOClientFilter.java:35)
	at org.apache.catalina.core.ApplicationFilterChain.internalDoFilter(ApplicationFilterChain.java:193)
	at org.apache.catalina.core.ApplicationFilterChain.doFilter(ApplicationFilterChain.java:166)
	at org.springframework.boot.actuate.trace.WebRequestTraceFilter.doFilterInternal(WebRequestTraceFilter.java:111)
	at org.springframework.web.filter.OncePerRequestFilter.doFilter(OncePerRequestFilter.java:107)
	at org.apache.catalina.core.ApplicationFilterChain.internalDoFilter(ApplicationFilterChain.java:193)
	at org.apache.catalina.core.ApplicationFilterChain.doFilter(ApplicationFilterChain.java:166)
	at org.springframework.web.filter.RequestContextFilter.doFilterInternal(RequestContextFilter.java:99)
	at org.springframework.web.filter.OncePerRequestFilter.doFilter(OncePerRequestFilter.java:107)
	at org.apache.catalina.core.ApplicationFilterChain.internalDoFilter(ApplicationFilterChain.java:193)
	at org.apache.catalina.core.ApplicationFilterChain.doFilter(ApplicationFilterChain.java:166)
	at org.springframework.web.filter.HttpPutFormContentFilter.doFilterInternal(HttpPutFormContentFilter.java:109)
	at org.springframework.web.filter.OncePerRequestFilter.doFilter(OncePerRequestFilter.java:107)
	at org.apache.catalina.core.ApplicationFilterChain.internalDoFilter(ApplicationFilterChain.java:193)
	at org.apache.catalina.core.ApplicationFilterChain.doFilter(ApplicationFilterChain.java:166)
	at org.springframework.web.filter.HiddenHttpMethodFilter.doFilterInternal(HiddenHttpMethodFilter.java:81)
	at org.springframework.web.filter.OncePerRequestFilter.doFilter(OncePerRequestFilter.java:107)
	at org.apache.catalina.core.ApplicationFilterChain.internalDoFilter(ApplicationFilterChain.java:193)
	at org.apache.catalina.core.ApplicationFilterChain.doFilter(ApplicationFilterChain.java:166)
	at org.springframework.web.filter.CharacterEncodingFilter.doFilterInternal(CharacterEncodingFilter.java:197)
	at org.springframework.web.filter.OncePerRequestFilter.doFilter(OncePerRequestFilter.java:107)
	at org.apache.catalina.core.ApplicationFilterChain.internalDoFilter(ApplicationFilterChain.java:193)
	at org.apache.catalina.core.ApplicationFilterChain.doFilter(ApplicationFilterChain.java:166)
	at org.springframework.boot.actuate.autoconfigure.MetricsFilter.doFilterInternal(MetricsFilter.java:106)
	at org.springframework.web.filter.OncePerRequestFilter.doFilter(OncePerRequestFilter.java:107)
	at org.apache.catalina.core.ApplicationFilterChain.internalDoFilter(ApplicationFilterChain.java:193)
	at org.apache.catalina.core.ApplicationFilterChain.doFilter(ApplicationFilterChain.java:166)
	at org.apache.catalina.core.StandardWrapperValve.invoke(StandardWrapperValve.java:198)
	at org.apache.catalina.core.StandardContextValve.invoke(StandardContextValve.java:96)
	at org.apache.catalina.authenticator.AuthenticatorBase.invoke(AuthenticatorBase.java:496)
	at org.apache.catalina.core.StandardHostValve.invoke(StandardHostValve.java:140)
	at org.apache.catalina.valves.ErrorReportValve.invoke(ErrorReportValve.java:81)
	at org.apache.catalina.core.StandardEngineValve.invoke(StandardEngineValve.java:87)
	at org.apache.catalina.connector.CoyoteAdapter.service(CoyoteAdapter.java:342)
	at org.apache.coyote.http11.Http11Processor.service(Http11Processor.java:803)
	at org.apache.coyote.AbstractProcessorLight.process(AbstractProcessorLight.java:66)
	at org.apache.coyote.AbstractProtocol$ConnectionHandler.process(AbstractProtocol.java:790)
	at org.apache.tomcat.util.net.NioEndpoint$SocketProcessor.doRun(NioEndpoint.java:1459)
	at org.apache.tomcat.util.net.SocketProcessorBase.run(SocketProcessorBase.java:49)
	at java.util.concurrent.ThreadPoolExecutor.runWorker(ThreadPoolExecutor.java:1149)
	at java.util.concurrent.ThreadPoolExecutor$Worker.run(ThreadPoolExecutor.java:624)
	at org.apache.tomcat.util.threads.TaskThread$WrappingRunnable.run(TaskThread.java:61)
	at java.lang.Thread.run(Thread.java:748)
Caused by: java.io.IOException: 你的主机中的软件中止了一个已建立的连接。
	at sun.nio.ch.SocketDispatcher.write0(Native Method)
	at sun.nio.ch.SocketDispatcher.write(SocketDispatcher.java:51)
	at sun.nio.ch.IOUtil.writeFromNativeBuffer(IOUtil.java:93)
	at sun.nio.ch.IOUtil.write(IOUtil.java:65)
	at sun.nio.ch.SocketChannelImpl.write(SocketChannelImpl.java:471)
	at org.apache.tomcat.util.net.NioChannel.write(NioChannel.java:134)
	at org.apache.tomcat.util.net.NioBlockingSelector.write(NioBlockingSelector.java:101)
	at org.apache.tomcat.util.net.NioSelectorPool.write(NioSelectorPool.java:157)
	at org.apache.tomcat.util.net.NioEndpoint$NioSocketWrapper.doWrite(NioEndpoint.java:1267)
	at org.apache.tomcat.util.net.SocketWrapperBase.doWrite(SocketWrapperBase.java:670)
	at org.apache.tomcat.util.net.SocketWrapperBase.writeBlocking(SocketWrapperBase.java:450)
	at org.apache.tomcat.util.net.SocketWrapperBase.write(SocketWrapperBase.java:388)
	at org.apache.coyote.http11.Http11OutputBuffer$SocketOutputBuffer.doWrite(Http11OutputBuffer.java:623)
	at org.apache.coyote.http11.filters.ChunkedOutputFilter.doWrite(ChunkedOutputFilter.java:121)
	at org.apache.coyote.http11.Http11OutputBuffer.doWrite(Http11OutputBuffer.java:225)
	at org.apache.coyote.Response.doWrite(Response.java:541)
	at org.apache.catalina.connector.OutputBuffer.realWriteBytes(OutputBuffer.java:351)
	... 90 common frames omitted
2019-07-11 15:43:42.795 [http-nio-8081-exec-10] WARN  SapformServiceLoginAop - 未进行元宝单点登录！
2019-07-11 15:43:56.569 [http-nio-8081-exec-2] WARN  SapformServiceLoginAop - 未进行元宝单点登录！
2019-07-11 15:44:05.762 [http-nio-8081-exec-1] WARN  SapformServiceLoginAop - 未进行元宝单点登录！
2019-07-11 15:44:28.521 [http-nio-8081-exec-4] WARN  SapformServiceLoginAop - 未进行元宝单点登录！
2019-07-11 15:46:51.118 [main] WARN  ClassPathMapperScanner - No MyBatis mapper was found in '[com.bgy.*.*.dao]' package. Please check your configuration.
2019-07-11 15:46:51.123 [main] WARN  ConfigurationClassPostProcessor - Cannot enhance @Configuration bean definition 'tkMybatisConfig' since its singleton instance has been created too early. The typical cause is a non-static @Bean method with a BeanDefinitionRegistryPostProcessor return type: Consider declaring such methods as 'static'.
2019-07-11 15:46:58.657 [main] WARN  AutowiredAnnotationBeanPostProcessor - Autowired annotation is not supported on static fields: private static java.lang.String com.bgy.ofa.sapformservice.controller.SapformZtCustoCenterController.soaUser
2019-07-11 15:47:03.174 [main] WARN  URLConfigurationSource - No URLs will be polled as dynamic configuration sources.
2019-07-11 15:47:03.182 [main] WARN  URLConfigurationSource - No URLs will be polled as dynamic configuration sources.
2019-07-11 15:47:05.093 [main] WARN  EurekaServerStarterDeprecationWarningAutoConfiguration - spring-cloud-starter-eureka-server is deprecated as of Spring Cloud Netflix 1.4.0, please migrate to spring-cloud-starter-netflix-eureka-server
2019-07-11 15:47:12.102 [RMI TCP Connection(9)-127.0.0.1] WARN  RedisHealthIndicator - Health check failed
org.springframework.data.redis.RedisConnectionFailureException: Cannot get Jedis connection; nested exception is redis.clients.jedis.exceptions.JedisConnectionException: Could not get a resource from the pool
	at org.springframework.data.redis.connection.jedis.JedisConnectionFactory.fetchJedisConnector(JedisConnectionFactory.java:204)
	at org.springframework.data.redis.connection.jedis.JedisConnectionFactory.getConnection(JedisConnectionFactory.java:348)
	at org.springframework.data.redis.core.RedisConnectionUtils.doGetConnection(RedisConnectionUtils.java:129)
	at org.springframework.data.redis.core.RedisConnectionUtils.getConnection(RedisConnectionUtils.java:92)
	at org.springframework.data.redis.core.RedisConnectionUtils.getConnection(RedisConnectionUtils.java:79)
	at org.springframework.boot.actuate.health.RedisHealthIndicator.doHealthCheck(RedisHealthIndicator.java:52)
	at org.springframework.boot.actuate.health.AbstractHealthIndicator.health(AbstractHealthIndicator.java:43)
	at org.springframework.boot.actuate.health.CompositeHealthIndicator.health(CompositeHealthIndicator.java:68)
	at org.springframework.boot.actuate.endpoint.HealthEndpoint.invoke(HealthEndpoint.java:86)
	at org.springframework.boot.actuate.endpoint.HealthEndpoint.invoke(HealthEndpoint.java:36)
	at org.springframework.boot.actuate.endpoint.jmx.DataEndpointMBean.getData(DataEndpointMBean.java:46)
	at sun.reflect.NativeMethodAccessorImpl.invoke0(Native Method)
	at sun.reflect.NativeMethodAccessorImpl.invoke(NativeMethodAccessorImpl.java:62)
	at sun.reflect.DelegatingMethodAccessorImpl.invoke(DelegatingMethodAccessorImpl.java:43)
	at java.lang.reflect.Method.invoke(Method.java:498)
	at sun.reflect.misc.Trampoline.invoke(MethodUtil.java:71)
	at sun.reflect.GeneratedMethodAccessor189.invoke(Unknown Source)
	at sun.reflect.DelegatingMethodAccessorImpl.invoke(DelegatingMethodAccessorImpl.java:43)
	at java.lang.reflect.Method.invoke(Method.java:498)
	at sun.reflect.misc.MethodUtil.invoke(MethodUtil.java:275)
	at javax.management.modelmbean.RequiredModelMBean$4.run(RequiredModelMBean.java:1252)
	at java.security.AccessController.doPrivileged(Native Method)
	at java.security.ProtectionDomain$JavaSecurityAccessImpl.doIntersectionPrivilege(ProtectionDomain.java:74)
	at javax.management.modelmbean.RequiredModelMBean.invokeMethod(RequiredModelMBean.java:1246)
	at javax.management.modelmbean.RequiredModelMBean.invoke(RequiredModelMBean.java:1085)
	at org.springframework.jmx.export.SpringModelMBean.invoke(SpringModelMBean.java:90)
	at javax.management.modelmbean.RequiredModelMBean.getAttribute(RequiredModelMBean.java:1562)
	at org.springframework.jmx.export.SpringModelMBean.getAttribute(SpringModelMBean.java:109)
	at com.sun.jmx.interceptor.DefaultMBeanServerInterceptor.getAttribute(DefaultMBeanServerInterceptor.java:647)
	at com.sun.jmx.mbeanserver.JmxMBeanServer.getAttribute(JmxMBeanServer.java:678)
	at javax.management.remote.rmi.RMIConnectionImpl.doOperation(RMIConnectionImpl.java:1445)
	at javax.management.remote.rmi.RMIConnectionImpl.access$300(RMIConnectionImpl.java:76)
	at javax.management.remote.rmi.RMIConnectionImpl$PrivilegedOperation.run(RMIConnectionImpl.java:1309)
	at javax.management.remote.rmi.RMIConnectionImpl.doPrivilegedOperation(RMIConnectionImpl.java:1401)
	at javax.management.remote.rmi.RMIConnectionImpl.getAttribute(RMIConnectionImpl.java:639)
	at sun.reflect.GeneratedMethodAccessor61.invoke(Unknown Source)
	at sun.reflect.DelegatingMethodAccessorImpl.invoke(DelegatingMethodAccessorImpl.java:43)
	at java.lang.reflect.Method.invoke(Method.java:498)
	at sun.rmi.server.UnicastServerRef.dispatch(UnicastServerRef.java:357)
	at sun.rmi.transport.Transport$1.run(Transport.java:200)
	at sun.rmi.transport.Transport$1.run(Transport.java:197)
	at java.security.AccessController.doPrivileged(Native Method)
	at sun.rmi.transport.Transport.serviceCall(Transport.java:196)
	at sun.rmi.transport.tcp.TCPTransport.handleMessages(TCPTransport.java:573)
	at sun.rmi.transport.tcp.TCPTransport$ConnectionHandler.run0(TCPTransport.java:834)
	at sun.rmi.transport.tcp.TCPTransport$ConnectionHandler.lambda$run$0(TCPTransport.java:688)
	at java.security.AccessController.doPrivileged(Native Method)
	at sun.rmi.transport.tcp.TCPTransport$ConnectionHandler.run(TCPTransport.java:687)
	at java.util.concurrent.ThreadPoolExecutor.runWorker(ThreadPoolExecutor.java:1149)
	at java.util.concurrent.ThreadPoolExecutor$Worker.run(ThreadPoolExecutor.java:624)
	at java.lang.Thread.run(Thread.java:748)
Caused by: redis.clients.jedis.exceptions.JedisConnectionException: Could not get a resource from the pool
	at redis.clients.util.Pool.getResource(Pool.java:53)
	at redis.clients.jedis.JedisPool.getResource(JedisPool.java:226)
	at redis.clients.jedis.JedisPool.getResource(JedisPool.java:16)
	at org.springframework.data.redis.connection.jedis.JedisConnectionFactory.fetchJedisConnector(JedisConnectionFactory.java:194)
	... 50 common frames omitted
Caused by: redis.clients.jedis.exceptions.JedisConnectionException: java.net.SocketTimeoutException: connect timed out
	at redis.clients.jedis.Connection.connect(Connection.java:207)
	at redis.clients.jedis.BinaryClient.connect(BinaryClient.java:93)
	at redis.clients.jedis.BinaryJedis.connect(BinaryJedis.java:1767)
	at redis.clients.jedis.JedisFactory.makeObject(JedisFactory.java:106)
	at org.apache.commons.pool2.impl.GenericObjectPool.create(GenericObjectPool.java:888)
	at org.apache.commons.pool2.impl.GenericObjectPool.borrowObject(GenericObjectPool.java:432)
	at org.apache.commons.pool2.impl.GenericObjectPool.borrowObject(GenericObjectPool.java:361)
	at redis.clients.util.Pool.getResource(Pool.java:49)
	... 53 common frames omitted
Caused by: java.net.SocketTimeoutException: connect timed out
	at java.net.DualStackPlainSocketImpl.waitForConnect(Native Method)
	at java.net.DualStackPlainSocketImpl.socketConnect(DualStackPlainSocketImpl.java:85)
	at java.net.AbstractPlainSocketImpl.doConnect(AbstractPlainSocketImpl.java:350)
	at java.net.AbstractPlainSocketImpl.connectToAddress(AbstractPlainSocketImpl.java:206)
	at java.net.AbstractPlainSocketImpl.connect(AbstractPlainSocketImpl.java:188)
	at java.net.PlainSocketImpl.connect(PlainSocketImpl.java:172)
	at java.net.SocksSocketImpl.connect(SocksSocketImpl.java:392)
	at java.net.Socket.connect(Socket.java:589)
	at redis.clients.jedis.Connection.connect(Connection.java:184)
	... 60 common frames omitted
2019-07-11 16:08:45.144 [main] WARN  ClassPathMapperScanner - No MyBatis mapper was found in '[com.bgy.*.*.dao]' package. Please check your configuration.
2019-07-11 16:08:45.150 [main] WARN  ConfigurationClassPostProcessor - Cannot enhance @Configuration bean definition 'tkMybatisConfig' since its singleton instance has been created too early. The typical cause is a non-static @Bean method with a BeanDefinitionRegistryPostProcessor return type: Consider declaring such methods as 'static'.
2019-07-11 16:08:52.557 [main] WARN  AutowiredAnnotationBeanPostProcessor - Autowired annotation is not supported on static fields: private static java.lang.String com.bgy.ofa.sapformservice.controller.SapformZtCustoCenterController.soaUser
2019-07-11 16:08:56.853 [main] WARN  URLConfigurationSource - No URLs will be polled as dynamic configuration sources.
2019-07-11 16:08:56.860 [main] WARN  URLConfigurationSource - No URLs will be polled as dynamic configuration sources.
2019-07-11 16:08:58.715 [main] WARN  EurekaServerStarterDeprecationWarningAutoConfiguration - spring-cloud-starter-eureka-server is deprecated as of Spring Cloud Netflix 1.4.0, please migrate to spring-cloud-starter-netflix-eureka-server
2019-07-11 16:14:21.866 [http-nio-8081-exec-2] WARN  SapformServiceLoginAop - 未进行元宝单点登录！
2019-07-11 16:14:32.476 [http-nio-8081-exec-3] WARN  SapformServiceLoginAop - 未进行元宝单点登录！
2019-07-11 16:14:41.051 [http-nio-8081-exec-1] WARN  SapformServiceLoginAop - 未进行元宝单点登录！
2019-07-11 16:16:26.477 [http-nio-8081-exec-4] WARN  SapformServiceLoginAop - 未进行元宝单点登录！
2019-07-11 16:16:28.864 [http-nio-8081-exec-5] WARN  SapformServiceLoginAop - 未进行元宝单点登录！
2019-07-11 16:16:31.443 [http-nio-8081-exec-6] WARN  SapformServiceLoginAop - 未进行元宝单点登录！
2019-07-11 16:16:31.447 [http-nio-8081-exec-7] WARN  SapformServiceLoginAop - 未进行元宝单点登录！
2019-07-11 16:16:31.876 [http-nio-8081-exec-8] WARN  SapformServiceLoginAop - 未进行元宝单点登录！
2019-07-11 16:16:34.417 [http-nio-8081-exec-9] WARN  SapformServiceLoginAop - 未进行元宝单点登录！
2019-07-11 16:16:36.080 [http-nio-8081-exec-10] WARN  SapformServiceLoginAop - 未进行元宝单点登录！
2019-07-11 16:16:38.099 [http-nio-8081-exec-3] WARN  SapformServiceLoginAop - 未进行元宝单点登录！
2019-07-11 16:16:41.543 [http-nio-8081-exec-2] WARN  SapformServiceLoginAop - 未进行元宝单点登录！
2019-07-11 16:16:46.155 [http-nio-8081-exec-1] WARN  SapformServiceLoginAop - 未进行元宝单点登录！
2019-07-11 16:17:44.590 [http-nio-8081-exec-4] WARN  SapformServiceLoginAop - 未进行元宝单点登录！
2019-07-11 16:20:27.428 [http-nio-8081-exec-5] WARN  SapformServiceLoginAop - 未进行元宝单点登录！
2019-07-11 16:20:37.957 [http-nio-8081-exec-7] WARN  SapformServiceLoginAop - 未进行元宝单点登录！
